This file contains any messages produced by compilers while
running configure, to aid debugging if configure makes a mistake.

It was created by adios configure 1.9.0, which was
generated by GNU Autoconf 2.69.  Invocation command line was

  $ ./configure --prefix=/root/ADIOS.install --enable-dependency-tracking --with-glib=/root/glib --with-mxml=/root/mxml --with-zfp=/root/zfp-0.5.5 --enable-debugger LDFLAGS=-L/usr/lib -pthread CC=mpicc CFLAGS=-g -O3 -fPIC -fopenmp --no-create --no-recursion

## --------- ##
## Platform. ##
## --------- ##

hostname = node1
uname -m = x86_64
uname -r = 4.15.0-121-generic
uname -s = Linux
uname -v = #123-Ubuntu SMP Mon Oct 5 16:16:40 UTC 2020

/usr/bin/uname -p = unknown
/bin/uname -X     = unknown

/bin/arch              = unknown
/usr/bin/arch -k       = unknown
/usr/convex/getsysinfo = unknown
/usr/bin/hostinfo      = unknown
/bin/machine           = unknown
/usr/bin/oslevel       = unknown
/bin/universe          = unknown

PATH: /nvme/automake/bin
PATH: /usr/local/sbin
PATH: /usr/local/bin
PATH: /usr/sbin
PATH: /usr/bin
PATH: /sbin
PATH: /bin
PATH: /nvme/mxml/include
PATH: /nvme/zfp-0.5.5/inc


## ----------- ##
## Core tests. ##
## ----------- ##

configure:3120: checking for a BSD-compatible install
configure:3188: result: /usr/bin/install -c
configure:3199: checking whether build environment is sane
configure:3254: result: yes
configure:3405: checking for a thread-safe mkdir -p
configure:3444: result: /bin/mkdir -p
configure:3451: checking for gawk
configure:3481: result: no
configure:3451: checking for mawk
configure:3467: found /usr/bin/mawk
configure:3478: result: mawk
configure:3489: checking whether make sets $(MAKE)
configure:3511: result: yes
configure:3540: checking whether make supports nested variables
configure:3557: result: yes
configure:3685: checking whether to enable maintainer-specific portions of Makefiles
configure:3694: result: yes
configure:3726: checking for style of include used by make
configure:3754: result: GNU
configure:3825: checking for gcc
configure:3852: result: mpicc
configure:4081: checking for C compiler version
configure:4090: mpicc --version >&5
gcc (Ubuntu 5.5.0-12ubuntu1) 5.5.0 20171010
Copyright (C) 2015 Free Software Foundation, Inc.
This is free software; see the source for copying conditions.  There is NO
warranty; not even for MERCHANTABILITY or FITNESS FOR A PARTICULAR PURPOSE.

configure:4101: $? = 0
configure:4090: mpicc -v >&5
mpicc for MPICH version 3.3a2
Using built-in specs.
COLLECT_GCC=gcc
COLLECT_LTO_WRAPPER=/usr/lib/gcc/x86_64-linux-gnu/5/lto-wrapper
Target: x86_64-linux-gnu
Configured with: ../src/configure -v --with-pkgversion='Ubuntu 5.5.0-12ubuntu1' --with-bugurl=file:///usr/share/doc/gcc-5/README.Bugs --enable-languages=c,ada,c++,go,d,fortran,objc,obj-c++ --prefix=/usr --program-suffix=-5 --enable-shared --enable-linker-build-id --libexecdir=/usr/lib --without-included-gettext --enable-threads=posix --libdir=/usr/lib --enable-nls --with-sysroot=/ --enable-clocale=gnu --enable-libstdcxx-debug --enable-libstdcxx-time=yes --with-default-libstdcxx-abi=new --enable-gnu-unique-object --disable-vtable-verify --enable-libmpx --enable-plugin --enable-default-pie --with-system-zlib --enable-objc-gc --enable-multiarch --disable-werror --with-arch-32=i686 --with-abi=m64 --with-multilib-list=m32,m64,mx32 --enable-multilib --with-tune=generic --enable-checking=release --build=x86_64-linux-gnu --host=x86_64-linux-gnu --target=x86_64-linux-gnu
Thread model: posix
gcc version 5.5.0 20171010 (Ubuntu 5.5.0-12ubuntu1) 
configure:4101: $? = 0
configure:4090: mpicc -V >&5
gcc: error: unrecognized command line option '-V'
configure:4101: $? = 1
configure:4090: mpicc -qversion >&5
gcc: error: unrecognized command line option '-qversion'
configure:4101: $? = 1
configure:4121: checking whether the C compiler works
configure:4143: mpicc -g -O3 -fPIC -fopenmp  -L/usr/lib -pthread conftest.c  >&5
configure:4147: $? = 0
configure:4195: result: yes
configure:4198: checking for C compiler default output file name
configure:4200: result: a.out
configure:4206: checking for suffix of executables
configure:4213: mpicc -o conftest -g -O3 -fPIC -fopenmp  -L/usr/lib -pthread conftest.c  >&5
configure:4217: $? = 0
configure:4239: result: 
configure:4261: checking whether we are cross compiling
configure:4269: mpicc -o conftest -g -O3 -fPIC -fopenmp  -L/usr/lib -pthread conftest.c  >&5
configure:4273: $? = 0
configure:4280: ./conftest
configure:4284: $? = 0
configure:4299: result: no
configure:4304: checking for suffix of object files
configure:4326: mpicc -c -g -O3 -fPIC -fopenmp  conftest.c >&5
configure:4330: $? = 0
configure:4351: result: o
configure:4355: checking whether we are using the GNU C compiler
configure:4374: mpicc -c -g -O3 -fPIC -fopenmp  conftest.c >&5
configure:4374: $? = 0
configure:4383: result: yes
configure:4392: checking whether mpicc accepts -g
configure:4412: mpicc -c -g  conftest.c >&5
configure:4412: $? = 0
configure:4453: result: yes
configure:4470: checking for mpicc option to accept ISO C89
configure:4533: mpicc  -c -g -O3 -fPIC -fopenmp  conftest.c >&5
configure:4533: $? = 0
configure:4546: result: none needed
configure:4571: checking whether mpicc understands -c and -o together
configure:4593: mpicc -c conftest.c -o conftest2.o
configure:4596: $? = 0
configure:4593: mpicc -c conftest.c -o conftest2.o
configure:4596: $? = 0
configure:4608: result: yes
configure:4627: checking dependency style of mpicc
configure:4738: result: gcc3
configure:4759: checking how to run the C preprocessor
configure:4790: mpicc -E  conftest.c
configure:4790: $? = 0
configure:4804: mpicc -E  conftest.c
conftest.c:11:28: fatal error: ac_nonexistent.h: No such file or directory
compilation terminated.
configure:4804: $? = 1
configure: failed program was:
| /* confdefs.h */
| #define PACKAGE_NAME "adios"
| #define PACKAGE_TARNAME "adios"
| #define PACKAGE_VERSION "1.9.0"
| #define PACKAGE_STRING "adios 1.9.0"
| #define PACKAGE_BUGREPORT ""
| #define PACKAGE_URL ""
| #define PACKAGE "adios"
| #define VERSION "1.9.0"
| /* end confdefs.h.  */
| #include <ac_nonexistent.h>
configure:4829: result: mpicc -E
configure:4849: mpicc -E  conftest.c
configure:4849: $? = 0
configure:4863: mpicc -E  conftest.c
conftest.c:11:28: fatal error: ac_nonexistent.h: No such file or directory
compilation terminated.
configure:4863: $? = 1
configure: failed program was:
| /* confdefs.h */
| #define PACKAGE_NAME "adios"
| #define PACKAGE_TARNAME "adios"
| #define PACKAGE_VERSION "1.9.0"
| #define PACKAGE_STRING "adios 1.9.0"
| #define PACKAGE_BUGREPORT ""
| #define PACKAGE_URL ""
| #define PACKAGE "adios"
| #define VERSION "1.9.0"
| /* end confdefs.h.  */
| #include <ac_nonexistent.h>
configure:4892: checking for grep that handles long lines and -e
configure:4950: result: /bin/grep
configure:4955: checking for egrep
configure:5017: result: /bin/grep -E
configure:5022: checking for preprocessor stringizing operator
configure:5042: result: yes
configure:5099: checking for gcc
configure:5126: result: mpicc
configure:5355: checking for C compiler version
configure:5364: mpicc --version >&5
gcc (Ubuntu 5.5.0-12ubuntu1) 5.5.0 20171010
Copyright (C) 2015 Free Software Foundation, Inc.
This is free software; see the source for copying conditions.  There is NO
warranty; not even for MERCHANTABILITY or FITNESS FOR A PARTICULAR PURPOSE.

configure:5375: $? = 0
configure:5364: mpicc -v >&5
mpicc for MPICH version 3.3a2
Using built-in specs.
COLLECT_GCC=gcc
COLLECT_LTO_WRAPPER=/usr/lib/gcc/x86_64-linux-gnu/5/lto-wrapper
Target: x86_64-linux-gnu
Configured with: ../src/configure -v --with-pkgversion='Ubuntu 5.5.0-12ubuntu1' --with-bugurl=file:///usr/share/doc/gcc-5/README.Bugs --enable-languages=c,ada,c++,go,d,fortran,objc,obj-c++ --prefix=/usr --program-suffix=-5 --enable-shared --enable-linker-build-id --libexecdir=/usr/lib --without-included-gettext --enable-threads=posix --libdir=/usr/lib --enable-nls --with-sysroot=/ --enable-clocale=gnu --enable-libstdcxx-debug --enable-libstdcxx-time=yes --with-default-libstdcxx-abi=new --enable-gnu-unique-object --disable-vtable-verify --enable-libmpx --enable-plugin --enable-default-pie --with-system-zlib --enable-objc-gc --enable-multiarch --disable-werror --with-arch-32=i686 --with-abi=m64 --with-multilib-list=m32,m64,mx32 --enable-multilib --with-tune=generic --enable-checking=release --build=x86_64-linux-gnu --host=x86_64-linux-gnu --target=x86_64-linux-gnu
Thread model: posix
gcc version 5.5.0 20171010 (Ubuntu 5.5.0-12ubuntu1) 
configure:5375: $? = 0
configure:5364: mpicc -V >&5
gcc: error: unrecognized command line option '-V'
configure:5375: $? = 1
configure:5364: mpicc -qversion >&5
gcc: error: unrecognized command line option '-qversion'
configure:5375: $? = 1
configure:5379: checking whether we are using the GNU C compiler
configure:5407: result: yes
configure:5416: checking whether mpicc accepts -g
configure:5477: result: yes
configure:5494: checking for mpicc option to accept ISO C89
configure:5570: result: none needed
configure:5595: checking whether mpicc understands -c and -o together
configure:5632: result: yes
configure:5651: checking dependency style of mpicc
configure:5762: result: gcc3
configure:5836: checking for g++
configure:5852: found /usr/bin/g++
configure:5863: result: g++
configure:5890: checking for C++ compiler version
configure:5899: g++ --version >&5
g++ (Ubuntu 5.5.0-12ubuntu1) 5.5.0 20171010
Copyright (C) 2015 Free Software Foundation, Inc.
This is free software; see the source for copying conditions.  There is NO
warranty; not even for MERCHANTABILITY or FITNESS FOR A PARTICULAR PURPOSE.

configure:5910: $? = 0
configure:5899: g++ -v >&5
Using built-in specs.
COLLECT_GCC=g++
COLLECT_LTO_WRAPPER=/usr/lib/gcc/x86_64-linux-gnu/5/lto-wrapper
Target: x86_64-linux-gnu
Configured with: ../src/configure -v --with-pkgversion='Ubuntu 5.5.0-12ubuntu1' --with-bugurl=file:///usr/share/doc/gcc-5/README.Bugs --enable-languages=c,ada,c++,go,d,fortran,objc,obj-c++ --prefix=/usr --program-suffix=-5 --enable-shared --enable-linker-build-id --libexecdir=/usr/lib --without-included-gettext --enable-threads=posix --libdir=/usr/lib --enable-nls --with-sysroot=/ --enable-clocale=gnu --enable-libstdcxx-debug --enable-libstdcxx-time=yes --with-default-libstdcxx-abi=new --enable-gnu-unique-object --disable-vtable-verify --enable-libmpx --enable-plugin --enable-default-pie --with-system-zlib --enable-objc-gc --enable-multiarch --disable-werror --with-arch-32=i686 --with-abi=m64 --with-multilib-list=m32,m64,mx32 --enable-multilib --with-tune=generic --enable-checking=release --build=x86_64-linux-gnu --host=x86_64-linux-gnu --target=x86_64-linux-gnu
Thread model: posix
gcc version 5.5.0 20171010 (Ubuntu 5.5.0-12ubuntu1) 
configure:5910: $? = 0
configure:5899: g++ -V >&5
g++: error: unrecognized command line option '-V'
g++: fatal error: no input files
compilation terminated.
configure:5910: $? = 1
configure:5899: g++ -qversion >&5
g++: error: unrecognized command line option '-qversion'
g++: fatal error: no input files
compilation terminated.
configure:5910: $? = 1
configure:5914: checking whether we are using the GNU C++ compiler
configure:5933: g++ -c   conftest.cpp >&5
configure:5933: $? = 0
configure:5942: result: yes
configure:5951: checking whether g++ accepts -g
configure:5971: g++ -c -g  conftest.cpp >&5
configure:5971: $? = 0
configure:6012: result: yes
configure:6037: checking dependency style of g++
configure:6148: result: gcc3
configure:6195: checking for mpicc
configure:6211: found /usr/bin/mpicc
configure:6222: result: mpicc
configure:6240: checking for MPI_Init
configure:6240: mpicc -o conftest -g -O3 -fPIC -fopenmp  -L/usr/lib -pthread conftest.c  >&5
configure:6240: $? = 0
configure:6240: result: yes
configure:6333: checking for mpi.h
configure:6346: mpicc -c -g -O3 -fPIC -fopenmp  conftest.c >&5
configure:6346: $? = 0
configure:6347: result: yes
configure:6405: checking for mpic++
configure:6421: found /usr/bin/mpic++
configure:6432: result: mpic++
configure:6543: checking for mpi.h
configure:6556: mpic++ -c -g -O2  conftest.cpp >&5
configure:6556: $? = 0
configure:6557: result: yes
configure:6601: checking build system type
configure:6615: result: x86_64-unknown-linux-gnu
configure:6635: checking host system type
configure:6648: result: x86_64-unknown-linux-gnu
configure:6723: checking for gfortran
configure:6739: found /usr/bin/gfortran
configure:6750: result: gfortran
configure:6776: checking for Fortran compiler version
configure:6785: gfortran --version >&5
GNU Fortran (Ubuntu 7.5.0-3ubuntu1~18.04) 7.5.0
Copyright (C) 2017 Free Software Foundation, Inc.
This is free software; see the source for copying conditions.  There is NO
warranty; not even for MERCHANTABILITY or FITNESS FOR A PARTICULAR PURPOSE.

configure:6796: $? = 0
configure:6785: gfortran -v >&5
Using built-in specs.
COLLECT_GCC=gfortran
COLLECT_LTO_WRAPPER=/usr/lib/gcc/x86_64-linux-gnu/7/lto-wrapper
OFFLOAD_TARGET_NAMES=nvptx-none
OFFLOAD_TARGET_DEFAULT=1
Target: x86_64-linux-gnu
Configured with: ../src/configure -v --with-pkgversion='Ubuntu 7.5.0-3ubuntu1~18.04' --with-bugurl=file:///usr/share/doc/gcc-7/README.Bugs --enable-languages=c,ada,c++,go,brig,d,fortran,objc,obj-c++ --prefix=/usr --with-gcc-major-version-only --program-suffix=-7 --program-prefix=x86_64-linux-gnu- --enable-shared --enable-linker-build-id --libexecdir=/usr/lib --without-included-gettext --enable-threads=posix --libdir=/usr/lib --enable-nls --enable-bootstrap --enable-clocale=gnu --enable-libstdcxx-debug --enable-libstdcxx-time=yes --with-default-libstdcxx-abi=new --enable-gnu-unique-object --disable-vtable-verify --enable-libmpx --enable-plugin --enable-default-pie --with-system-zlib --with-target-system-zlib --enable-objc-gc=auto --enable-multiarch --disable-werror --with-arch-32=i686 --with-abi=m64 --with-multilib-list=m32,m64,mx32 --enable-multilib --with-tune=generic --enable-offload-targets=nvptx-none --without-cuda-driver --enable-checking=release --build=x86_64-linux-gnu --host=x86_64-linux-gnu --target=x86_64-linux-gnu
Thread model: posix
gcc version 7.5.0 (Ubuntu 7.5.0-3ubuntu1~18.04) 
configure:6796: $? = 0
configure:6785: gfortran -V >&5
gfortran: error: unrecognized command line option '-V'
gfortran: fatal error: no input files
compilation terminated.
configure:6796: $? = 1
configure:6785: gfortran -qversion >&5
gfortran: error: unrecognized command line option '-qversion'; did you mean '--version'?
gfortran: fatal error: no input files
compilation terminated.
configure:6796: $? = 1
configure:6805: checking whether we are using the GNU Fortran compiler
configure:6818: gfortran -c   conftest.F >&5
configure:6818: $? = 0
configure:6827: result: yes
configure:6833: checking whether gfortran accepts -g
configure:6844: gfortran -c -g  conftest.f >&5
configure:6844: $? = 0
configure:6852: result: yes
configure:6885: checking whether gfortran understands -c and -o together
configure:6903: gfortran -g -O2 -c conftest.f -o conftest2.o >&5
configure:6907: $? = 0
configure:6914: gfortran -g -O2 -c conftest.f -o conftest2.o >&5
configure:6918: $? = 0
configure:6926: result: yes
configure:6945: checking how to get verbose linking output from gfortran
configure:6955: gfortran -c -g -O2  conftest.f >&5
configure:6955: $? = 0
configure:6973: gfortran -o conftest -g -O2 -v -L/usr/lib -pthread conftest.f
Using built-in specs.
Target: x86_64-linux-gnu
Thread model: posix
gcc version 7.5.0 (Ubuntu 7.5.0-3ubuntu1~18.04) 
 /usr/lib/gcc/x86_64-linux-gnu/7/f951 conftest.f -ffixed-form -quiet -dumpbase conftest.f -mtune=generic -march=x86-64 -auxbase conftest -g -O2 -version -fintrinsic-modules-path /usr/lib/gcc/x86_64-linux-gnu/7/finclude -o /tmp/ccat3Gek.s
GNU Fortran (Ubuntu 7.5.0-3ubuntu1~18.04) version 7.5.0 (x86_64-linux-gnu)
	compiled by GNU C version 7.5.0, GMP version 6.1.2, MPFR version 4.0.1, MPC version 1.1.0, isl version isl-0.19-GMP

GGC heuristics: --param ggc-min-expand=100 --param ggc-min-heapsize=131072
GNU Fortran2008 (Ubuntu 7.5.0-3ubuntu1~18.04) version 7.5.0 (x86_64-linux-gnu)
	compiled by GNU C version 7.5.0, GMP version 6.1.2, MPFR version 4.0.1, MPC version 1.1.0, isl version isl-0.19-GMP

GGC heuristics: --param ggc-min-expand=100 --param ggc-min-heapsize=131072
 as -v --64 -o /tmp/ccYViLqr.o /tmp/ccat3Gek.s
GNU assembler version 2.30 (x86_64-linux-gnu) using BFD version (GNU Binutils for Ubuntu) 2.30
Reading specs from /usr/lib/gcc/x86_64-linux-gnu/7/libgfortran.spec
rename spec lib to liborig
 /usr/lib/gcc/x86_64-linux-gnu/7/collect2 -plugin /usr/lib/gcc/x86_64-linux-gnu/7/liblto_plugin.so -plugin-opt=/usr/lib/gcc/x86_64-linux-gnu/7/lto-wrapper -plugin-opt=-fresolution=/tmp/ccRrcoEy.res -plugin-opt=-pass-through=-lgcc_s -plugin-opt=-pass-through=-lgcc -plugin-opt=-pass-through=-lquadmath -plugin-opt=-pass-through=-lm -plugin-opt=-pass-through=-lgcc_s -plugin-opt=-pass-through=-lgcc -plugin-opt=-pass-through=-lpthread -plugin-opt=-pass-through=-lc -plugin-opt=-pass-through=-lgcc_s -plugin-opt=-pass-through=-lgcc --build-id --eh-frame-hdr -m elf_x86_64 --hash-style=gnu --as-needed -dynamic-linker /lib64/ld-linux-x86-64.so.2 -pie -z now -z relro -o conftest /usr/lib/gcc/x86_64-linux-gnu/7/../../../x86_64-linux-gnu/Scrt1.o /usr/lib/gcc/x86_64-linux-gnu/7/../../../x86_64-linux-gnu/crti.o /usr/lib/gcc/x86_64-linux-gnu/7/crtbeginS.o -L/usr/lib -L/usr/lib/gcc/x86_64-linux-gnu/7 -L/usr/lib/gcc/x86_64-linux-gnu/7/../../../x86_64-linux-gnu -L/usr/lib/gcc/x86_64-linux-gnu/7/../../../../lib -L/lib/x86_64-linux-gnu -L/lib/../lib -L/usr/lib/x86_64-linux-gnu -L/usr/lib/../lib -L/usr/lib/gcc/x86_64-linux-gnu/7/../../.. /tmp/ccYViLqr.o -lgfortran -lm -lgcc_s -lgcc -lquadmath -lm -lgcc_s -lgcc -lpthread -lc -lgcc_s -lgcc /usr/lib/gcc/x86_64-linux-gnu/7/crtendS.o /usr/lib/gcc/x86_64-linux-gnu/7/../../../x86_64-linux-gnu/crtn.o
configure:7056: result: -v
configure:7058: checking for Fortran libraries of gfortran
configure:7081: gfortran -o conftest -g -O2 -v -L/usr/lib -pthread conftest.f
Using built-in specs.
Target: x86_64-linux-gnu
Thread model: posix
gcc version 7.5.0 (Ubuntu 7.5.0-3ubuntu1~18.04) 
 /usr/lib/gcc/x86_64-linux-gnu/7/f951 conftest.f -ffixed-form -quiet -dumpbase conftest.f -mtune=generic -march=x86-64 -auxbase conftest -g -O2 -version -fintrinsic-modules-path /usr/lib/gcc/x86_64-linux-gnu/7/finclude -o /tmp/ccsam5ns.s
GNU Fortran (Ubuntu 7.5.0-3ubuntu1~18.04) version 7.5.0 (x86_64-linux-gnu)
	compiled by GNU C version 7.5.0, GMP version 6.1.2, MPFR version 4.0.1, MPC version 1.1.0, isl version isl-0.19-GMP

GGC heuristics: --param ggc-min-expand=100 --param ggc-min-heapsize=131072
GNU Fortran2008 (Ubuntu 7.5.0-3ubuntu1~18.04) version 7.5.0 (x86_64-linux-gnu)
	compiled by GNU C version 7.5.0, GMP version 6.1.2, MPFR version 4.0.1, MPC version 1.1.0, isl version isl-0.19-GMP

GGC heuristics: --param ggc-min-expand=100 --param ggc-min-heapsize=131072
 as -v --64 -o /tmp/cchc5jNz.o /tmp/ccsam5ns.s
GNU assembler version 2.30 (x86_64-linux-gnu) using BFD version (GNU Binutils for Ubuntu) 2.30
Reading specs from /usr/lib/gcc/x86_64-linux-gnu/7/libgfortran.spec
rename spec lib to liborig
 /usr/lib/gcc/x86_64-linux-gnu/7/collect2 -plugin /usr/lib/gcc/x86_64-linux-gnu/7/liblto_plugin.so -plugin-opt=/usr/lib/gcc/x86_64-linux-gnu/7/lto-wrapper -plugin-opt=-fresolution=/tmp/ccYhl4dH.res -plugin-opt=-pass-through=-lgcc_s -plugin-opt=-pass-through=-lgcc -plugin-opt=-pass-through=-lquadmath -plugin-opt=-pass-through=-lm -plugin-opt=-pass-through=-lgcc_s -plugin-opt=-pass-through=-lgcc -plugin-opt=-pass-through=-lpthread -plugin-opt=-pass-through=-lc -plugin-opt=-pass-through=-lgcc_s -plugin-opt=-pass-through=-lgcc --build-id --eh-frame-hdr -m elf_x86_64 --hash-style=gnu --as-needed -dynamic-linker /lib64/ld-linux-x86-64.so.2 -pie -z now -z relro -o conftest /usr/lib/gcc/x86_64-linux-gnu/7/../../../x86_64-linux-gnu/Scrt1.o /usr/lib/gcc/x86_64-linux-gnu/7/../../../x86_64-linux-gnu/crti.o /usr/lib/gcc/x86_64-linux-gnu/7/crtbeginS.o -L/usr/lib -L/usr/lib/gcc/x86_64-linux-gnu/7 -L/usr/lib/gcc/x86_64-linux-gnu/7/../../../x86_64-linux-gnu -L/usr/lib/gcc/x86_64-linux-gnu/7/../../../../lib -L/lib/x86_64-linux-gnu -L/lib/../lib -L/usr/lib/x86_64-linux-gnu -L/usr/lib/../lib -L/usr/lib/gcc/x86_64-linux-gnu/7/../../.. /tmp/cchc5jNz.o -lgfortran -lm -lgcc_s -lgcc -lquadmath -lm -lgcc_s -lgcc -lpthread -lc -lgcc_s -lgcc /usr/lib/gcc/x86_64-linux-gnu/7/crtendS.o /usr/lib/gcc/x86_64-linux-gnu/7/../../../x86_64-linux-gnu/crtn.o
configure:7277: result:  -L/usr/lib -L/usr/lib/gcc/x86_64-linux-gnu/7 -L/usr/lib/gcc/x86_64-linux-gnu/7/../../../x86_64-linux-gnu -L/usr/lib/gcc/x86_64-linux-gnu/7/../../../../lib -L/lib/x86_64-linux-gnu -L/lib/../lib -L/usr/lib/x86_64-linux-gnu -L/usr/lib/../lib -L/usr/lib/gcc/x86_64-linux-gnu/7/../../.. -lgfortran -lm -lquadmath -lpthread
configure:7293: checking for dummy main to link with Fortran libraries
configure:7327: mpicc -o conftest -g -O3 -fPIC -fopenmp  -L/usr/lib -pthread conftest.c   -L/usr/lib -L/usr/lib/gcc/x86_64-linux-gnu/7 -L/usr/lib/gcc/x86_64-linux-gnu/7/../../../x86_64-linux-gnu -L/usr/lib/gcc/x86_64-linux-gnu/7/../../../../lib -L/lib/x86_64-linux-gnu -L/lib/../lib -L/usr/lib/x86_64-linux-gnu -L/usr/lib/../lib -L/usr/lib/gcc/x86_64-linux-gnu/7/../../.. -lgfortran -lm -lquadmath -lpthread >&5
configure:7327: $? = 0
configure:7372: result: none
configure:7405: checking for Fortran name-mangling scheme
configure:7418: gfortran -c -g -O2  conftest.f >&5
configure:7418: $? = 0
configure:7459: mpicc -o conftest -g -O3 -fPIC -fopenmp  -L/usr/lib -pthread conftest.c cfortran_test.o   -L/usr/lib -L/usr/lib/gcc/x86_64-linux-gnu/7 -L/usr/lib/gcc/x86_64-linux-gnu/7/../../../x86_64-linux-gnu -L/usr/lib/gcc/x86_64-linux-gnu/7/../../../../lib -L/lib/x86_64-linux-gnu -L/lib/../lib -L/usr/lib/x86_64-linux-gnu -L/usr/lib/../lib -L/usr/lib/gcc/x86_64-linux-gnu/7/../../.. -lgfortran -lm -lquadmath -lpthread >&5
/tmp/cckNPvmT.o: In function `main':
/root/sirius_storage/conftest.c:33: undefined reference to `foobar'
collect2: error: ld returned 1 exit status
configure:7459: $? = 1
configure: failed program was:
| /* confdefs.h */
| #define PACKAGE_NAME "adios"
| #define PACKAGE_TARNAME "adios"
| #define PACKAGE_VERSION "1.9.0"
| #define PACKAGE_STRING "adios 1.9.0"
| #define PACKAGE_BUGREPORT ""
| #define PACKAGE_URL ""
| #define PACKAGE "adios"
| #define VERSION "1.9.0"
| #define HAVE_STRINGIZE 1
| #define HAVE_MPI 1
| #define HAVE_MPI 1
| /* end confdefs.h.  */
| 
| /* Override any GCC internal prototype to avoid an error.
|    Use char because int might match the return type of a GCC
|    builtin and then its argument prototype would still apply.  */
| #ifdef __cplusplus
| extern "C"
| #endif
| char foobar ();
| #ifdef FC_DUMMY_MAIN
| #ifndef FC_DUMMY_MAIN_EQ_F77
| #  ifdef __cplusplus
|      extern "C"
| #  endif
|    int FC_DUMMY_MAIN() { return 1; }
| #endif
| #endif
| int
| main ()
| {
| return foobar ();
|   ;
|   return 0;
| }
configure:7459: mpicc -o conftest -g -O3 -fPIC -fopenmp  -L/usr/lib -pthread conftest.c cfortran_test.o   -L/usr/lib -L/usr/lib/gcc/x86_64-linux-gnu/7 -L/usr/lib/gcc/x86_64-linux-gnu/7/../../../x86_64-linux-gnu -L/usr/lib/gcc/x86_64-linux-gnu/7/../../../../lib -L/lib/x86_64-linux-gnu -L/lib/../lib -L/usr/lib/x86_64-linux-gnu -L/usr/lib/../lib -L/usr/lib/gcc/x86_64-linux-gnu/7/../../.. -lgfortran -lm -lquadmath -lpthread >&5
configure:7459: $? = 0
configure:7517: mpicc -o conftest -g -O3 -fPIC -fopenmp  -L/usr/lib -pthread conftest.c cfortran_test.o   -L/usr/lib -L/usr/lib/gcc/x86_64-linux-gnu/7 -L/usr/lib/gcc/x86_64-linux-gnu/7/../../../x86_64-linux-gnu -L/usr/lib/gcc/x86_64-linux-gnu/7/../../../../lib -L/lib/x86_64-linux-gnu -L/lib/../lib -L/usr/lib/x86_64-linux-gnu -L/usr/lib/../lib -L/usr/lib/gcc/x86_64-linux-gnu/7/../../.. -lgfortran -lm -lquadmath -lpthread >&5
configure:7517: $? = 0
configure:7559: result: lower case, underscore, no extra underscore
configure:7656: checking for mpif90
configure:7672: found /usr/bin/mpif90
configure:7683: result: mpif90
configure:7839: checking for mpif.h
configure:7846: mpif90 -c -g -O2  conftest.f >&5
configure:7846: $? = 0
configure:7847: result: yes
configure:7927: checking how to print strings
configure:7954: result: printf
configure:7975: checking for a sed that does not truncate output
configure:8039: result: /bin/sed
configure:8057: checking for fgrep
configure:8119: result: /bin/grep -F
configure:8154: checking for ld used by mpicc
configure:8221: result: /usr/bin/ld
configure:8228: checking if the linker (/usr/bin/ld) is GNU ld
configure:8243: result: yes
configure:8255: checking for BSD- or MS-compatible name lister (nm)
configure:8309: result: /usr/bin/nm -B
configure:8439: checking the name lister (/usr/bin/nm -B) interface
configure:8446: mpicc -c -g -O3 -fPIC -fopenmp  conftest.c >&5
configure:8449: /usr/bin/nm -B "conftest.o"
configure:8452: output
0000000000000000 B some_variable
configure:8459: result: BSD nm
configure:8462: checking whether ln -s works
configure:8466: result: yes
configure:8474: checking the maximum length of command line arguments
configure:8605: result: 1572864
configure:8653: checking how to convert x86_64-unknown-linux-gnu file names to x86_64-unknown-linux-gnu format
configure:8693: result: func_convert_file_noop
configure:8700: checking how to convert x86_64-unknown-linux-gnu file names to toolchain format
configure:8720: result: func_convert_file_noop
configure:8727: checking for /usr/bin/ld option to reload object files
configure:8734: result: -r
configure:8808: checking for objdump
configure:8824: found /usr/bin/objdump
configure:8835: result: objdump
configure:8867: checking how to recognize dependent libraries
configure:9067: result: pass_all
configure:9152: checking for dlltool
configure:9182: result: no
configure:9212: checking how to associate runtime and link libraries
configure:9239: result: printf %s\n
configure:9299: checking for ar
configure:9315: found /usr/bin/ar
configure:9326: result: ar
configure:9363: checking for archiver @FILE support
configure:9388: mpicc -c -g -O3 -fPIC -fopenmp  conftest.c >&5
configure:9388: $? = 0
configure:9391: ar cru libconftest.a @conftest.lst >&5
ar: `u' modifier ignored since `D' is the default (see `U')
configure:9394: $? = 0
configure:9399: ar cru libconftest.a @conftest.lst >&5
ar: `u' modifier ignored since `D' is the default (see `U')
ar: conftest.o: No such file or directory
configure:9402: $? = 1
configure:9414: result: @
configure:9472: checking for strip
configure:9488: found /usr/bin/strip
configure:9499: result: strip
configure:9571: checking for ranlib
configure:9587: found /usr/bin/ranlib
configure:9598: result: ranlib
configure:9700: checking command to parse /usr/bin/nm -B output from mpicc object
configure:9853: mpicc -c -g -O3 -fPIC -fopenmp  conftest.c >&5
configure:9856: $? = 0
configure:9860: /usr/bin/nm -B conftest.o \| sed -n -e 's/^.*[ ]\([ABCDGIRSTW][ABCDGIRSTW]*\)[ ][ ]*\([_A-Za-z][_A-Za-z0-9]*\)$/\1 \2 \2/p' | sed '/ __gnu_lto/d' \> conftest.nm
configure:9863: $? = 0
configure:9929: mpicc -o conftest -g -O3 -fPIC -fopenmp  -L/usr/lib -pthread conftest.c conftstm.o >&5
configure:9932: $? = 0
configure:9970: result: ok
configure:10017: checking for sysroot
configure:10047: result: no
configure:10054: checking for a working dd
configure:10092: result: /bin/dd
configure:10096: checking how to truncate binary pipes
configure:10111: result: /bin/dd bs=4096 count=1
configure:10247: mpicc -c -g -O3 -fPIC -fopenmp  conftest.c >&5
configure:10250: $? = 0
configure:10448: checking for mt
configure:10478: result: no
configure:10498: checking if : is a manifest tool
configure:10504: : '-?'
configure:10512: result: no
configure:11192: checking for ANSI C header files
configure:11220: mpicc -c -g -O3 -fPIC -fopenmp  conftest.c >&5
configure:11220: $? = 0
configure:11293: mpicc -o conftest -g -O3 -fPIC -fopenmp  -L/usr/lib -pthread conftest.c  >&5
configure:11293: $? = 0
configure:11293: ./conftest
configure:11293: $? = 0
configure:11304: result: yes
configure:11317: checking for sys/types.h
configure:11317: mpicc -c -g -O3 -fPIC -fopenmp  conftest.c >&5
configure:11317: $? = 0
configure:11317: result: yes
configure:11317: checking for sys/stat.h
configure:11317: mpicc -c -g -O3 -fPIC -fopenmp  conftest.c >&5
configure:11317: $? = 0
configure:11317: result: yes
configure:11317: checking for stdlib.h
configure:11317: mpicc -c -g -O3 -fPIC -fopenmp  conftest.c >&5
configure:11317: $? = 0
configure:11317: result: yes
configure:11317: checking for string.h
configure:11317: mpicc -c -g -O3 -fPIC -fopenmp  conftest.c >&5
configure:11317: $? = 0
configure:11317: result: yes
configure:11317: checking for memory.h
configure:11317: mpicc -c -g -O3 -fPIC -fopenmp  conftest.c >&5
configure:11317: $? = 0
configure:11317: result: yes
configure:11317: checking for strings.h
configure:11317: mpicc -c -g -O3 -fPIC -fopenmp  conftest.c >&5
configure:11317: $? = 0
configure:11317: result: yes
configure:11317: checking for inttypes.h
configure:11317: mpicc -c -g -O3 -fPIC -fopenmp  conftest.c >&5
configure:11317: $? = 0
configure:11317: result: yes
configure:11317: checking for stdint.h
configure:11317: mpicc -c -g -O3 -fPIC -fopenmp  conftest.c >&5
configure:11317: $? = 0
configure:11317: result: yes
configure:11317: checking for unistd.h
configure:11317: mpicc -c -g -O3 -fPIC -fopenmp  conftest.c >&5
configure:11317: $? = 0
configure:11317: result: yes
configure:11331: checking for dlfcn.h
configure:11331: mpicc -c -g -O3 -fPIC -fopenmp  conftest.c >&5
configure:11331: $? = 0
configure:11331: result: yes
configure:11597: checking for objdir
configure:11612: result: .libs
configure:11876: checking if mpicc supports -fno-rtti -fno-exceptions
configure:11894: mpicc -c -g -O3 -fPIC -fopenmp  -fno-rtti -fno-exceptions conftest.c >&5
cc1: warning: command line option '-fno-rtti' is valid for C++/ObjC++ but not for C
configure:11898: $? = 0
configure:11911: result: no
configure:12269: checking for mpicc option to produce PIC
configure:12276: result: -fPIC -DPIC
configure:12284: checking if mpicc PIC flag -fPIC -DPIC works
configure:12302: mpicc -c -g -O3 -fPIC -fopenmp  -fPIC -DPIC -DPIC conftest.c >&5
configure:12306: $? = 0
configure:12319: result: yes
configure:12348: checking if mpicc static flag -static works
configure:12376: result: no
configure:12391: checking if mpicc supports -c -o file.o
configure:12412: mpicc -c -g -O3 -fPIC -fopenmp  -o out/conftest2.o conftest.c >&5
configure:12416: $? = 0
configure:12438: result: yes
configure:12446: checking if mpicc supports -c -o file.o
configure:12493: result: yes
configure:12526: checking whether the mpicc linker (/usr/bin/ld -m elf_x86_64) supports shared libraries
configure:13805: result: yes
configure:13842: checking whether -lc should be explicitly linked in
configure:13850: mpicc -c -g -O3 -fPIC -fopenmp  conftest.c >&5
configure:13853: $? = 0
configure:13868: mpicc -shared  -fPIC -DPIC conftest.o  -v -Wl,-soname -Wl,conftest -o conftest 2\>\&1 \| /bin/grep  -lc  \>/dev/null 2\>\&1
configure:13871: $? = 0
configure:13885: result: no
configure:14045: checking dynamic linker characteristics
configure:14634: mpicc -o conftest -g -O3 -fPIC -fopenmp  -L/usr/lib -pthread -Wl,-rpath -Wl,/foo conftest.c  >&5
configure:14634: $? = 0
configure:14883: result: GNU/Linux ld.so
configure:15005: checking how to hardcode library paths into programs
configure:15030: result: immediate
configure:15618: checking whether stripping libraries is possible
configure:15623: result: yes
configure:15658: checking if libtool supports shared libraries
configure:15660: result: yes
configure:15663: checking whether to build shared libraries
configure:15688: result: yes
configure:15691: checking whether to build static libraries
configure:15695: result: yes
configure:15718: checking how to run the C++ preprocessor
configure:15745: g++ -E  conftest.cpp
configure:15745: $? = 0
configure:15759: g++ -E  conftest.cpp
conftest.cpp:29:28: fatal error: ac_nonexistent.h: No such file or directory
compilation terminated.
configure:15759: $? = 1
configure: failed program was:
| /* confdefs.h */
| #define PACKAGE_NAME "adios"
| #define PACKAGE_TARNAME "adios"
| #define PACKAGE_VERSION "1.9.0"
| #define PACKAGE_STRING "adios 1.9.0"
| #define PACKAGE_BUGREPORT ""
| #define PACKAGE_URL ""
| #define PACKAGE "adios"
| #define VERSION "1.9.0"
| #define HAVE_STRINGIZE 1
| #define HAVE_MPI 1
| #define HAVE_MPI 1
| #define FC_FUNC(name,NAME) name ## _
| #define FC_FUNC_(name,NAME) name ## _
| #define HAVE_MPI 1
| #define STDC_HEADERS 1
| #define HAVE_SYS_TYPES_H 1
| #define HAVE_SYS_STAT_H 1
| #define HAVE_STDLIB_H 1
| #define HAVE_STRING_H 1
| #define HAVE_MEMORY_H 1
| #define HAVE_STRINGS_H 1
| #define HAVE_INTTYPES_H 1
| #define HAVE_STDINT_H 1
| #define HAVE_UNISTD_H 1
| #define HAVE_DLFCN_H 1
| #define LT_OBJDIR ".libs/"
| /* end confdefs.h.  */
| #include <ac_nonexistent.h>
configure:15784: result: g++ -E
configure:15804: g++ -E  conftest.cpp
configure:15804: $? = 0
configure:15818: g++ -E  conftest.cpp
conftest.cpp:29:28: fatal error: ac_nonexistent.h: No such file or directory
compilation terminated.
configure:15818: $? = 1
configure: failed program was:
| /* confdefs.h */
| #define PACKAGE_NAME "adios"
| #define PACKAGE_TARNAME "adios"
| #define PACKAGE_VERSION "1.9.0"
| #define PACKAGE_STRING "adios 1.9.0"
| #define PACKAGE_BUGREPORT ""
| #define PACKAGE_URL ""
| #define PACKAGE "adios"
| #define VERSION "1.9.0"
| #define HAVE_STRINGIZE 1
| #define HAVE_MPI 1
| #define HAVE_MPI 1
| #define FC_FUNC(name,NAME) name ## _
| #define FC_FUNC_(name,NAME) name ## _
| #define HAVE_MPI 1
| #define STDC_HEADERS 1
| #define HAVE_SYS_TYPES_H 1
| #define HAVE_SYS_STAT_H 1
| #define HAVE_STDLIB_H 1
| #define HAVE_STRING_H 1
| #define HAVE_MEMORY_H 1
| #define HAVE_STRINGS_H 1
| #define HAVE_INTTYPES_H 1
| #define HAVE_STDINT_H 1
| #define HAVE_UNISTD_H 1
| #define HAVE_DLFCN_H 1
| #define LT_OBJDIR ".libs/"
| /* end confdefs.h.  */
| #include <ac_nonexistent.h>
configure:15980: checking for ld used by g++
configure:16047: result: /usr/bin/ld -m elf_x86_64
configure:16054: checking if the linker (/usr/bin/ld -m elf_x86_64) is GNU ld
configure:16069: result: yes
configure:16124: checking whether the g++ linker (/usr/bin/ld -m elf_x86_64) supports shared libraries
configure:17213: result: yes
configure:17249: g++ -c -g -O2  conftest.cpp >&5
configure:17252: $? = 0
configure:17733: checking for g++ option to produce PIC
configure:17740: result: -fPIC -DPIC
configure:17748: checking if g++ PIC flag -fPIC -DPIC works
configure:17766: g++ -c -g -O2  -fPIC -DPIC -DPIC conftest.cpp >&5
configure:17770: $? = 0
configure:17783: result: yes
configure:17806: checking if g++ static flag -static works
configure:17834: result: yes
configure:17846: checking if g++ supports -c -o file.o
configure:17867: g++ -c -g -O2  -o out/conftest2.o conftest.cpp >&5
configure:17871: $? = 0
configure:17893: result: yes
configure:17898: checking if g++ supports -c -o file.o
configure:17945: result: yes
configure:17975: checking whether the g++ linker (/usr/bin/ld -m elf_x86_64) supports shared libraries
configure:18018: result: yes
configure:18159: checking dynamic linker characteristics
configure:18924: result: GNU/Linux ld.so
configure:18989: checking how to hardcode library paths into programs
configure:19014: result: immediate
configure:19160: checking if libtool supports shared libraries
configure:19162: result: yes
configure:19165: checking whether to build shared libraries
configure:19189: result: yes
configure:19192: checking whether to build static libraries
configure:19196: result: yes
configure:19230: gfortran -c -g -O2  conftest.f >&5
configure:19233: $? = 0
configure:19693: checking for gfortran option to produce PIC
configure:19700: result: -fPIC
configure:19708: checking if gfortran PIC flag -fPIC works
configure:19726: gfortran -c -g -O2 -fPIC  conftest.f >&5
configure:19730: $? = 0
configure:19743: result: yes
configure:19766: checking if gfortran static flag -static works
configure:19794: result: yes
configure:19806: checking if gfortran supports -c -o file.o
configure:19827: gfortran -c -g -O2 -o out/conftest2.o  conftest.f >&5
configure:19831: $? = 0
configure:19853: result: yes
configure:19858: checking if gfortran supports -c -o file.o
configure:19905: result: yes
configure:19935: checking whether the gfortran linker (/usr/bin/ld -m elf_x86_64) supports shared libraries
configure:21148: result: yes
configure:21289: checking dynamic linker characteristics
configure:22040: result: GNU/Linux ld.so
configure:22105: checking how to hardcode library paths into programs
configure:22130: result: immediate
configure:22182: checking for library containing nanosleep
configure:22221: mpicc -o conftest -g -O3 -fPIC -fopenmp  -L/usr/lib -pthread conftest.c  >&5
configure:22221: $? = 0
configure:22238: result: none required
configure:22249: checking for nanosleep
configure:22249: mpicc -o conftest -g -O3 -fPIC -fopenmp  -L/usr/lib -pthread conftest.c  >&5
configure:22249: $? = 0
configure:22249: result: yes
configure:22249: checking for strncpy
configure:22249: mpicc -o conftest -g -O3 -fPIC -fopenmp  -L/usr/lib -pthread conftest.c  >&5
conftest.c:53:6: warning: conflicting types for built-in function 'strncpy'
 char strncpy ();
      ^
configure:22249: $? = 0
configure:22249: result: yes
configure:22249: checking for strerror
configure:22249: mpicc -o conftest -g -O3 -fPIC -fopenmp  -L/usr/lib -pthread conftest.c  >&5
configure:22249: $? = 0
configure:22249: result: yes
configure:22249: checking for gettimeofday
configure:22249: mpicc -o conftest -g -O3 -fPIC -fopenmp  -L/usr/lib -pthread conftest.c  >&5
configure:22249: $? = 0
configure:22249: result: yes
configure:22400: checking for the pthreads library -lpthreads
configure:22448: mpicc -o conftest -g -O3 -fPIC -fopenmp   -L/usr/lib -pthread conftest.c -lpthreads  >&5
/usr/bin/ld: cannot find -lpthreads
collect2: error: ld returned 1 exit status
configure:22448: $? = 1
configure: failed program was:
| /* confdefs.h */
| #define PACKAGE_NAME "adios"
| #define PACKAGE_TARNAME "adios"
| #define PACKAGE_VERSION "1.9.0"
| #define PACKAGE_STRING "adios 1.9.0"
| #define PACKAGE_BUGREPORT ""
| #define PACKAGE_URL ""
| #define PACKAGE "adios"
| #define VERSION "1.9.0"
| #define HAVE_STRINGIZE 1
| #define HAVE_MPI 1
| #define HAVE_MPI 1
| #define FC_FUNC(name,NAME) name ## _
| #define FC_FUNC_(name,NAME) name ## _
| #define HAVE_MPI 1
| #define STDC_HEADERS 1
| #define HAVE_SYS_TYPES_H 1
| #define HAVE_SYS_STAT_H 1
| #define HAVE_STDLIB_H 1
| #define HAVE_STRING_H 1
| #define HAVE_MEMORY_H 1
| #define HAVE_STRINGS_H 1
| #define HAVE_INTTYPES_H 1
| #define HAVE_STDINT_H 1
| #define HAVE_UNISTD_H 1
| #define HAVE_DLFCN_H 1
| #define LT_OBJDIR ".libs/"
| #define HAVE_NANOSLEEP 1
| #define HAVE_STRNCPY 1
| #define HAVE_STRERROR 1
| #define HAVE_GETTIMEOFDAY 1
| /* end confdefs.h.  */
| #include <pthread.h>
| 		     void *start(void *arg){return NULL;}
| 
| #ifdef FC_DUMMY_MAIN
| #ifndef FC_DUMMY_MAIN_EQ_F77
| #  ifdef __cplusplus
|      extern "C"
| #  endif
|    int FC_DUMMY_MAIN() { return 1; }
| #endif
| #endif
| int
| main ()
| {
| pthread_attr_t attr;
| 		     pthread_t th;
| 		     pthread_join(th, 0);
| 		     pthread_attr_init(&attr);
| 		     pthread_cleanup_push(NULL, NULL);
| 		     pthread_create(&th,&attr,start,0);
| 		     pthread_cleanup_pop(0);
| 
|   ;
|   return 0;
| }
configure:22458: result: no
configure:22389: checking whether pthreads work without any flags
configure:22448: mpicc -o conftest -g -O3 -fPIC -fopenmp   -L/usr/lib -pthread conftest.c   >&5
configure:22448: $? = 0
configure:22458: result: yes
configure:22478: checking for joinable pthread attribute
configure:22499: mpicc -o conftest -g -O3 -fPIC -fopenmp   -L/usr/lib -pthread conftest.c   >&5
configure:22499: $? = 0
configure:22539: result: PTHREAD_CREATE_JOINABLE
configure:22546: checking if more special flags are required for pthreads
configure:22553: result: no
configure:22565: checking for cc_r
configure:22593: result: mpicc
configure:22715: checking mxml.h usability
configure:22715: mpicc -c -g -O3 -fPIC -fopenmp  -I/root/mxml/include conftest.c >&5
configure:22715: $? = 0
configure:22715: result: yes
configure:22715: checking mxml.h presence
configure:22715: mpicc -E  -I/root/mxml/include conftest.c
configure:22715: $? = 0
configure:22715: result: yes
configure:22715: checking for mxml.h
configure:22715: result: yes
configure:22736: checking if mxml code can be linked
configure:22764: mpicc -o conftest -g -O3 -fPIC -fopenmp  -I/root/mxml/include -L/usr/lib -pthread -L/root/mxml/lib conftest.c  -lmxml >&5
conftest.c: In function 'main':
conftest.c:53:16: warning: assignment discards 'const' qualifier from pointer target type [-Wdiscarded-qualifiers]
          value = mxmlElementGetAttr (n, "value");
                ^
configure:22764: $? = 0
configure:22766: result: yes
configure:22882: === checking for IBM PAMI ===
configure:22913: checking pami.h usability
configure:22913: mpicc -c -g -O3 -fPIC -fopenmp   conftest.c >&5
conftest.c:70:18: fatal error: pami.h: No such file or directory
compilation terminated.
configure:22913: $? = 1
configure: failed program was:
| /* confdefs.h */
| #define PACKAGE_NAME "adios"
| #define PACKAGE_TARNAME "adios"
| #define PACKAGE_VERSION "1.9.0"
| #define PACKAGE_STRING "adios 1.9.0"
| #define PACKAGE_BUGREPORT ""
| #define PACKAGE_URL ""
| #define PACKAGE "adios"
| #define VERSION "1.9.0"
| #define HAVE_STRINGIZE 1
| #define HAVE_MPI 1
| #define HAVE_MPI 1
| #define FC_FUNC(name,NAME) name ## _
| #define FC_FUNC_(name,NAME) name ## _
| #define HAVE_MPI 1
| #define STDC_HEADERS 1
| #define HAVE_SYS_TYPES_H 1
| #define HAVE_SYS_STAT_H 1
| #define HAVE_STDLIB_H 1
| #define HAVE_STRING_H 1
| #define HAVE_MEMORY_H 1
| #define HAVE_STRINGS_H 1
| #define HAVE_INTTYPES_H 1
| #define HAVE_STDINT_H 1
| #define HAVE_UNISTD_H 1
| #define HAVE_DLFCN_H 1
| #define LT_OBJDIR ".libs/"
| #define HAVE_NANOSLEEP 1
| #define HAVE_STRNCPY 1
| #define HAVE_STRERROR 1
| #define HAVE_GETTIMEOFDAY 1
| #define HAVE_PTHREAD 1
| #define HAVE_PTHREAD 1
| #define HAVE_MXML_H 1
| #define HAVE_MXML 1
| /* end confdefs.h.  */
| #include <stdio.h>
| #ifdef HAVE_SYS_TYPES_H
| # include <sys/types.h>
| #endif
| #ifdef HAVE_SYS_STAT_H
| # include <sys/stat.h>
| #endif
| #ifdef STDC_HEADERS
| # include <stdlib.h>
| # include <stddef.h>
| #else
| # ifdef HAVE_STDLIB_H
| #  include <stdlib.h>
| # endif
| #endif
| #ifdef HAVE_STRING_H
| # if !defined STDC_HEADERS && defined HAVE_MEMORY_H
| #  include <memory.h>
| # endif
| # include <string.h>
| #endif
| #ifdef HAVE_STRINGS_H
| # include <strings.h>
| #endif
| #ifdef HAVE_INTTYPES_H
| # include <inttypes.h>
| #endif
| #ifdef HAVE_STDINT_H
| # include <stdint.h>
| #endif
| #ifdef HAVE_UNISTD_H
| # include <unistd.h>
| #endif
| #include <pami.h>
configure:22913: result: no
configure:22913: checking pami.h presence
configure:22913: mpicc -E   conftest.c
conftest.c:37:18: fatal error: pami.h: No such file or directory
compilation terminated.
configure:22913: $? = 1
configure: failed program was:
| /* confdefs.h */
| #define PACKAGE_NAME "adios"
| #define PACKAGE_TARNAME "adios"
| #define PACKAGE_VERSION "1.9.0"
| #define PACKAGE_STRING "adios 1.9.0"
| #define PACKAGE_BUGREPORT ""
| #define PACKAGE_URL ""
| #define PACKAGE "adios"
| #define VERSION "1.9.0"
| #define HAVE_STRINGIZE 1
| #define HAVE_MPI 1
| #define HAVE_MPI 1
| #define FC_FUNC(name,NAME) name ## _
| #define FC_FUNC_(name,NAME) name ## _
| #define HAVE_MPI 1
| #define STDC_HEADERS 1
| #define HAVE_SYS_TYPES_H 1
| #define HAVE_SYS_STAT_H 1
| #define HAVE_STDLIB_H 1
| #define HAVE_STRING_H 1
| #define HAVE_MEMORY_H 1
| #define HAVE_STRINGS_H 1
| #define HAVE_INTTYPES_H 1
| #define HAVE_STDINT_H 1
| #define HAVE_UNISTD_H 1
| #define HAVE_DLFCN_H 1
| #define LT_OBJDIR ".libs/"
| #define HAVE_NANOSLEEP 1
| #define HAVE_STRNCPY 1
| #define HAVE_STRERROR 1
| #define HAVE_GETTIMEOFDAY 1
| #define HAVE_PTHREAD 1
| #define HAVE_PTHREAD 1
| #define HAVE_MXML_H 1
| #define HAVE_MXML 1
| /* end confdefs.h.  */
| #include <pami.h>
configure:22913: result: no
configure:22913: checking for pami.h
configure:22913: result: no
configure:23007: === checking for IBM DCMF ===
configure:23038: checking dcmf.h usability
configure:23038: mpicc -c -g -O3 -fPIC -fopenmp   conftest.c >&5
conftest.c:70:18: fatal error: dcmf.h: No such file or directory
compilation terminated.
configure:23038: $? = 1
configure: failed program was:
| /* confdefs.h */
| #define PACKAGE_NAME "adios"
| #define PACKAGE_TARNAME "adios"
| #define PACKAGE_VERSION "1.9.0"
| #define PACKAGE_STRING "adios 1.9.0"
| #define PACKAGE_BUGREPORT ""
| #define PACKAGE_URL ""
| #define PACKAGE "adios"
| #define VERSION "1.9.0"
| #define HAVE_STRINGIZE 1
| #define HAVE_MPI 1
| #define HAVE_MPI 1
| #define FC_FUNC(name,NAME) name ## _
| #define FC_FUNC_(name,NAME) name ## _
| #define HAVE_MPI 1
| #define STDC_HEADERS 1
| #define HAVE_SYS_TYPES_H 1
| #define HAVE_SYS_STAT_H 1
| #define HAVE_STDLIB_H 1
| #define HAVE_STRING_H 1
| #define HAVE_MEMORY_H 1
| #define HAVE_STRINGS_H 1
| #define HAVE_INTTYPES_H 1
| #define HAVE_STDINT_H 1
| #define HAVE_UNISTD_H 1
| #define HAVE_DLFCN_H 1
| #define LT_OBJDIR ".libs/"
| #define HAVE_NANOSLEEP 1
| #define HAVE_STRNCPY 1
| #define HAVE_STRERROR 1
| #define HAVE_GETTIMEOFDAY 1
| #define HAVE_PTHREAD 1
| #define HAVE_PTHREAD 1
| #define HAVE_MXML_H 1
| #define HAVE_MXML 1
| /* end confdefs.h.  */
| #include <stdio.h>
| #ifdef HAVE_SYS_TYPES_H
| # include <sys/types.h>
| #endif
| #ifdef HAVE_SYS_STAT_H
| # include <sys/stat.h>
| #endif
| #ifdef STDC_HEADERS
| # include <stdlib.h>
| # include <stddef.h>
| #else
| # ifdef HAVE_STDLIB_H
| #  include <stdlib.h>
| # endif
| #endif
| #ifdef HAVE_STRING_H
| # if !defined STDC_HEADERS && defined HAVE_MEMORY_H
| #  include <memory.h>
| # endif
| # include <string.h>
| #endif
| #ifdef HAVE_STRINGS_H
| # include <strings.h>
| #endif
| #ifdef HAVE_INTTYPES_H
| # include <inttypes.h>
| #endif
| #ifdef HAVE_STDINT_H
| # include <stdint.h>
| #endif
| #ifdef HAVE_UNISTD_H
| # include <unistd.h>
| #endif
| #include <dcmf.h>
configure:23038: result: no
configure:23038: checking dcmf.h presence
configure:23038: mpicc -E   conftest.c
conftest.c:37:18: fatal error: dcmf.h: No such file or directory
compilation terminated.
configure:23038: $? = 1
configure: failed program was:
| /* confdefs.h */
| #define PACKAGE_NAME "adios"
| #define PACKAGE_TARNAME "adios"
| #define PACKAGE_VERSION "1.9.0"
| #define PACKAGE_STRING "adios 1.9.0"
| #define PACKAGE_BUGREPORT ""
| #define PACKAGE_URL ""
| #define PACKAGE "adios"
| #define VERSION "1.9.0"
| #define HAVE_STRINGIZE 1
| #define HAVE_MPI 1
| #define HAVE_MPI 1
| #define FC_FUNC(name,NAME) name ## _
| #define FC_FUNC_(name,NAME) name ## _
| #define HAVE_MPI 1
| #define STDC_HEADERS 1
| #define HAVE_SYS_TYPES_H 1
| #define HAVE_SYS_STAT_H 1
| #define HAVE_STDLIB_H 1
| #define HAVE_STRING_H 1
| #define HAVE_MEMORY_H 1
| #define HAVE_STRINGS_H 1
| #define HAVE_INTTYPES_H 1
| #define HAVE_STDINT_H 1
| #define HAVE_UNISTD_H 1
| #define HAVE_DLFCN_H 1
| #define LT_OBJDIR ".libs/"
| #define HAVE_NANOSLEEP 1
| #define HAVE_STRNCPY 1
| #define HAVE_STRERROR 1
| #define HAVE_GETTIMEOFDAY 1
| #define HAVE_PTHREAD 1
| #define HAVE_PTHREAD 1
| #define HAVE_MXML_H 1
| #define HAVE_MXML 1
| /* end confdefs.h.  */
| #include <dcmf.h>
configure:23038: result: no
configure:23038: checking for dcmf.h
configure:23038: result: no
configure:23184: === checking for INFINIBAND ===
configure:23194: checking infiniband/verbs.h usability
configure:23194: mpicc -c -g -O3 -fPIC -fopenmp   conftest.c >&5
conftest.c:70:30: fatal error: infiniband/verbs.h: No such file or directory
compilation terminated.
configure:23194: $? = 1
configure: failed program was:
| /* confdefs.h */
| #define PACKAGE_NAME "adios"
| #define PACKAGE_TARNAME "adios"
| #define PACKAGE_VERSION "1.9.0"
| #define PACKAGE_STRING "adios 1.9.0"
| #define PACKAGE_BUGREPORT ""
| #define PACKAGE_URL ""
| #define PACKAGE "adios"
| #define VERSION "1.9.0"
| #define HAVE_STRINGIZE 1
| #define HAVE_MPI 1
| #define HAVE_MPI 1
| #define FC_FUNC(name,NAME) name ## _
| #define FC_FUNC_(name,NAME) name ## _
| #define HAVE_MPI 1
| #define STDC_HEADERS 1
| #define HAVE_SYS_TYPES_H 1
| #define HAVE_SYS_STAT_H 1
| #define HAVE_STDLIB_H 1
| #define HAVE_STRING_H 1
| #define HAVE_MEMORY_H 1
| #define HAVE_STRINGS_H 1
| #define HAVE_INTTYPES_H 1
| #define HAVE_STDINT_H 1
| #define HAVE_UNISTD_H 1
| #define HAVE_DLFCN_H 1
| #define LT_OBJDIR ".libs/"
| #define HAVE_NANOSLEEP 1
| #define HAVE_STRNCPY 1
| #define HAVE_STRERROR 1
| #define HAVE_GETTIMEOFDAY 1
| #define HAVE_PTHREAD 1
| #define HAVE_PTHREAD 1
| #define HAVE_MXML_H 1
| #define HAVE_MXML 1
| /* end confdefs.h.  */
| #include <stdio.h>
| #ifdef HAVE_SYS_TYPES_H
| # include <sys/types.h>
| #endif
| #ifdef HAVE_SYS_STAT_H
| # include <sys/stat.h>
| #endif
| #ifdef STDC_HEADERS
| # include <stdlib.h>
| # include <stddef.h>
| #else
| # ifdef HAVE_STDLIB_H
| #  include <stdlib.h>
| # endif
| #endif
| #ifdef HAVE_STRING_H
| # if !defined STDC_HEADERS && defined HAVE_MEMORY_H
| #  include <memory.h>
| # endif
| # include <string.h>
| #endif
| #ifdef HAVE_STRINGS_H
| # include <strings.h>
| #endif
| #ifdef HAVE_INTTYPES_H
| # include <inttypes.h>
| #endif
| #ifdef HAVE_STDINT_H
| # include <stdint.h>
| #endif
| #ifdef HAVE_UNISTD_H
| # include <unistd.h>
| #endif
| #include <infiniband/verbs.h>
configure:23194: result: no
configure:23194: checking infiniband/verbs.h presence
configure:23194: mpicc -E   conftest.c
conftest.c:37:30: fatal error: infiniband/verbs.h: No such file or directory
compilation terminated.
configure:23194: $? = 1
configure: failed program was:
| /* confdefs.h */
| #define PACKAGE_NAME "adios"
| #define PACKAGE_TARNAME "adios"
| #define PACKAGE_VERSION "1.9.0"
| #define PACKAGE_STRING "adios 1.9.0"
| #define PACKAGE_BUGREPORT ""
| #define PACKAGE_URL ""
| #define PACKAGE "adios"
| #define VERSION "1.9.0"
| #define HAVE_STRINGIZE 1
| #define HAVE_MPI 1
| #define HAVE_MPI 1
| #define FC_FUNC(name,NAME) name ## _
| #define FC_FUNC_(name,NAME) name ## _
| #define HAVE_MPI 1
| #define STDC_HEADERS 1
| #define HAVE_SYS_TYPES_H 1
| #define HAVE_SYS_STAT_H 1
| #define HAVE_STDLIB_H 1
| #define HAVE_STRING_H 1
| #define HAVE_MEMORY_H 1
| #define HAVE_STRINGS_H 1
| #define HAVE_INTTYPES_H 1
| #define HAVE_STDINT_H 1
| #define HAVE_UNISTD_H 1
| #define HAVE_DLFCN_H 1
| #define LT_OBJDIR ".libs/"
| #define HAVE_NANOSLEEP 1
| #define HAVE_STRNCPY 1
| #define HAVE_STRERROR 1
| #define HAVE_GETTIMEOFDAY 1
| #define HAVE_PTHREAD 1
| #define HAVE_PTHREAD 1
| #define HAVE_MXML_H 1
| #define HAVE_MXML 1
| /* end confdefs.h.  */
| #include <infiniband/verbs.h>
configure:23194: result: no
configure:23194: checking for infiniband/verbs.h
configure:23194: result: no
configure:24342: === checking for HDF5 ===
configure:24529: === checking for Parallel HDF5 ===
configure:24741: === checking for NetCDF ===
configure:24851: checking netcdf.h usability
configure:24851: mpicc -c -g -O3 -fPIC -fopenmp   conftest.c >&5
conftest.c:70:20: fatal error: netcdf.h: No such file or directory
compilation terminated.
configure:24851: $? = 1
configure: failed program was:
| /* confdefs.h */
| #define PACKAGE_NAME "adios"
| #define PACKAGE_TARNAME "adios"
| #define PACKAGE_VERSION "1.9.0"
| #define PACKAGE_STRING "adios 1.9.0"
| #define PACKAGE_BUGREPORT ""
| #define PACKAGE_URL ""
| #define PACKAGE "adios"
| #define VERSION "1.9.0"
| #define HAVE_STRINGIZE 1
| #define HAVE_MPI 1
| #define HAVE_MPI 1
| #define FC_FUNC(name,NAME) name ## _
| #define FC_FUNC_(name,NAME) name ## _
| #define HAVE_MPI 1
| #define STDC_HEADERS 1
| #define HAVE_SYS_TYPES_H 1
| #define HAVE_SYS_STAT_H 1
| #define HAVE_STDLIB_H 1
| #define HAVE_STRING_H 1
| #define HAVE_MEMORY_H 1
| #define HAVE_STRINGS_H 1
| #define HAVE_INTTYPES_H 1
| #define HAVE_STDINT_H 1
| #define HAVE_UNISTD_H 1
| #define HAVE_DLFCN_H 1
| #define LT_OBJDIR ".libs/"
| #define HAVE_NANOSLEEP 1
| #define HAVE_STRNCPY 1
| #define HAVE_STRERROR 1
| #define HAVE_GETTIMEOFDAY 1
| #define HAVE_PTHREAD 1
| #define HAVE_PTHREAD 1
| #define HAVE_MXML_H 1
| #define HAVE_MXML 1
| /* end confdefs.h.  */
| #include <stdio.h>
| #ifdef HAVE_SYS_TYPES_H
| # include <sys/types.h>
| #endif
| #ifdef HAVE_SYS_STAT_H
| # include <sys/stat.h>
| #endif
| #ifdef STDC_HEADERS
| # include <stdlib.h>
| # include <stddef.h>
| #else
| # ifdef HAVE_STDLIB_H
| #  include <stdlib.h>
| # endif
| #endif
| #ifdef HAVE_STRING_H
| # if !defined STDC_HEADERS && defined HAVE_MEMORY_H
| #  include <memory.h>
| # endif
| # include <string.h>
| #endif
| #ifdef HAVE_STRINGS_H
| # include <strings.h>
| #endif
| #ifdef HAVE_INTTYPES_H
| # include <inttypes.h>
| #endif
| #ifdef HAVE_STDINT_H
| # include <stdint.h>
| #endif
| #ifdef HAVE_UNISTD_H
| # include <unistd.h>
| #endif
| #include <netcdf.h>
configure:24851: result: no
configure:24851: checking netcdf.h presence
configure:24851: mpicc -E   conftest.c
conftest.c:37:20: fatal error: netcdf.h: No such file or directory
compilation terminated.
configure:24851: $? = 1
configure: failed program was:
| /* confdefs.h */
| #define PACKAGE_NAME "adios"
| #define PACKAGE_TARNAME "adios"
| #define PACKAGE_VERSION "1.9.0"
| #define PACKAGE_STRING "adios 1.9.0"
| #define PACKAGE_BUGREPORT ""
| #define PACKAGE_URL ""
| #define PACKAGE "adios"
| #define VERSION "1.9.0"
| #define HAVE_STRINGIZE 1
| #define HAVE_MPI 1
| #define HAVE_MPI 1
| #define FC_FUNC(name,NAME) name ## _
| #define FC_FUNC_(name,NAME) name ## _
| #define HAVE_MPI 1
| #define STDC_HEADERS 1
| #define HAVE_SYS_TYPES_H 1
| #define HAVE_SYS_STAT_H 1
| #define HAVE_STDLIB_H 1
| #define HAVE_STRING_H 1
| #define HAVE_MEMORY_H 1
| #define HAVE_STRINGS_H 1
| #define HAVE_INTTYPES_H 1
| #define HAVE_STDINT_H 1
| #define HAVE_UNISTD_H 1
| #define HAVE_DLFCN_H 1
| #define LT_OBJDIR ".libs/"
| #define HAVE_NANOSLEEP 1
| #define HAVE_STRNCPY 1
| #define HAVE_STRERROR 1
| #define HAVE_GETTIMEOFDAY 1
| #define HAVE_PTHREAD 1
| #define HAVE_PTHREAD 1
| #define HAVE_MXML_H 1
| #define HAVE_MXML 1
| /* end confdefs.h.  */
| #include <netcdf.h>
configure:24851: result: no
configure:24851: checking for netcdf.h
configure:24851: result: no
configure:24951: === checking NetCDF 4 Parallel ===
configure:25198: checking Attributes.h usability
configure:25198: mpicc -c -g -O3 -fPIC -fopenmp   conftest.c >&5
conftest.c:70:24: fatal error: Attributes.h: No such file or directory
compilation terminated.
configure:25198: $? = 1
configure: failed program was:
| /* confdefs.h */
| #define PACKAGE_NAME "adios"
| #define PACKAGE_TARNAME "adios"
| #define PACKAGE_VERSION "1.9.0"
| #define PACKAGE_STRING "adios 1.9.0"
| #define PACKAGE_BUGREPORT ""
| #define PACKAGE_URL ""
| #define PACKAGE "adios"
| #define VERSION "1.9.0"
| #define HAVE_STRINGIZE 1
| #define HAVE_MPI 1
| #define HAVE_MPI 1
| #define FC_FUNC(name,NAME) name ## _
| #define FC_FUNC_(name,NAME) name ## _
| #define HAVE_MPI 1
| #define STDC_HEADERS 1
| #define HAVE_SYS_TYPES_H 1
| #define HAVE_SYS_STAT_H 1
| #define HAVE_STDLIB_H 1
| #define HAVE_STRING_H 1
| #define HAVE_MEMORY_H 1
| #define HAVE_STRINGS_H 1
| #define HAVE_INTTYPES_H 1
| #define HAVE_STDINT_H 1
| #define HAVE_UNISTD_H 1
| #define HAVE_DLFCN_H 1
| #define LT_OBJDIR ".libs/"
| #define HAVE_NANOSLEEP 1
| #define HAVE_STRNCPY 1
| #define HAVE_STRERROR 1
| #define HAVE_GETTIMEOFDAY 1
| #define HAVE_PTHREAD 1
| #define HAVE_PTHREAD 1
| #define HAVE_MXML_H 1
| #define HAVE_MXML 1
| /* end confdefs.h.  */
| #include <stdio.h>
| #ifdef HAVE_SYS_TYPES_H
| # include <sys/types.h>
| #endif
| #ifdef HAVE_SYS_STAT_H
| # include <sys/stat.h>
| #endif
| #ifdef STDC_HEADERS
| # include <stdlib.h>
| # include <stddef.h>
| #else
| # ifdef HAVE_STDLIB_H
| #  include <stdlib.h>
| # endif
| #endif
| #ifdef HAVE_STRING_H
| # if !defined STDC_HEADERS && defined HAVE_MEMORY_H
| #  include <memory.h>
| # endif
| # include <string.h>
| #endif
| #ifdef HAVE_STRINGS_H
| # include <strings.h>
| #endif
| #ifdef HAVE_INTTYPES_H
| # include <inttypes.h>
| #endif
| #ifdef HAVE_STDINT_H
| # include <stdint.h>
| #endif
| #ifdef HAVE_UNISTD_H
| # include <unistd.h>
| #endif
| #include <Attributes.h>
configure:25198: result: no
configure:25198: checking Attributes.h presence
configure:25198: mpicc -E   conftest.c
conftest.c:37:24: fatal error: Attributes.h: No such file or directory
compilation terminated.
configure:25198: $? = 1
configure: failed program was:
| /* confdefs.h */
| #define PACKAGE_NAME "adios"
| #define PACKAGE_TARNAME "adios"
| #define PACKAGE_VERSION "1.9.0"
| #define PACKAGE_STRING "adios 1.9.0"
| #define PACKAGE_BUGREPORT ""
| #define PACKAGE_URL ""
| #define PACKAGE "adios"
| #define VERSION "1.9.0"
| #define HAVE_STRINGIZE 1
| #define HAVE_MPI 1
| #define HAVE_MPI 1
| #define FC_FUNC(name,NAME) name ## _
| #define FC_FUNC_(name,NAME) name ## _
| #define HAVE_MPI 1
| #define STDC_HEADERS 1
| #define HAVE_SYS_TYPES_H 1
| #define HAVE_SYS_STAT_H 1
| #define HAVE_STDLIB_H 1
| #define HAVE_STRING_H 1
| #define HAVE_MEMORY_H 1
| #define HAVE_STRINGS_H 1
| #define HAVE_INTTYPES_H 1
| #define HAVE_STDINT_H 1
| #define HAVE_UNISTD_H 1
| #define HAVE_DLFCN_H 1
| #define LT_OBJDIR ".libs/"
| #define HAVE_NANOSLEEP 1
| #define HAVE_STRNCPY 1
| #define HAVE_STRERROR 1
| #define HAVE_GETTIMEOFDAY 1
| #define HAVE_PTHREAD 1
| #define HAVE_PTHREAD 1
| #define HAVE_MXML_H 1
| #define HAVE_MXML 1
| /* end confdefs.h.  */
| #include <Attributes.h>
configure:25198: result: no
configure:25198: checking for Attributes.h
configure:25198: result: no
configure:25239: mpicc -c -g -O3 -fPIC -fopenmp   conftest.c >&5
conftest.c:37:24: fatal error: Attributes.h: No such file or directory
compilation terminated.
configure:25239: $? = 1
configure: failed program was:
| /* confdefs.h */
| #define PACKAGE_NAME "adios"
| #define PACKAGE_TARNAME "adios"
| #define PACKAGE_VERSION "1.9.0"
| #define PACKAGE_STRING "adios 1.9.0"
| #define PACKAGE_BUGREPORT ""
| #define PACKAGE_URL ""
| #define PACKAGE "adios"
| #define VERSION "1.9.0"
| #define HAVE_STRINGIZE 1
| #define HAVE_MPI 1
| #define HAVE_MPI 1
| #define FC_FUNC(name,NAME) name ## _
| #define FC_FUNC_(name,NAME) name ## _
| #define HAVE_MPI 1
| #define STDC_HEADERS 1
| #define HAVE_SYS_TYPES_H 1
| #define HAVE_SYS_STAT_H 1
| #define HAVE_STDLIB_H 1
| #define HAVE_STRING_H 1
| #define HAVE_MEMORY_H 1
| #define HAVE_STRINGS_H 1
| #define HAVE_INTTYPES_H 1
| #define HAVE_STDINT_H 1
| #define HAVE_UNISTD_H 1
| #define HAVE_DLFCN_H 1
| #define LT_OBJDIR ".libs/"
| #define HAVE_NANOSLEEP 1
| #define HAVE_STRNCPY 1
| #define HAVE_STRERROR 1
| #define HAVE_GETTIMEOFDAY 1
| #define HAVE_PTHREAD 1
| #define HAVE_PTHREAD 1
| #define HAVE_MXML_H 1
| #define HAVE_MXML 1
| /* end confdefs.h.  */
| #include <Attributes.h>
| #ifdef FC_DUMMY_MAIN
| #ifndef FC_DUMMY_MAIN_EQ_F77
| #  ifdef __cplusplus
|      extern "C"
| #  endif
|    int FC_DUMMY_MAIN() { return 1; }
| #endif
| #endif
| int
| main ()
| {
| Attributes attr;attr.clearEntries();
|   ;
|   return 0;
| }
configure:25320: checking nssi_client.h usability
configure:25320: g++ -c -g -O2   conftest.cpp >&5
conftest.cpp:70:25: fatal error: nssi_client.h: No such file or directory
compilation terminated.
configure:25320: $? = 1
configure: failed program was:
| /* confdefs.h */
| #define PACKAGE_NAME "adios"
| #define PACKAGE_TARNAME "adios"
| #define PACKAGE_VERSION "1.9.0"
| #define PACKAGE_STRING "adios 1.9.0"
| #define PACKAGE_BUGREPORT ""
| #define PACKAGE_URL ""
| #define PACKAGE "adios"
| #define VERSION "1.9.0"
| #define HAVE_STRINGIZE 1
| #define HAVE_MPI 1
| #define HAVE_MPI 1
| #define FC_FUNC(name,NAME) name ## _
| #define FC_FUNC_(name,NAME) name ## _
| #define HAVE_MPI 1
| #define STDC_HEADERS 1
| #define HAVE_SYS_TYPES_H 1
| #define HAVE_SYS_STAT_H 1
| #define HAVE_STDLIB_H 1
| #define HAVE_STRING_H 1
| #define HAVE_MEMORY_H 1
| #define HAVE_STRINGS_H 1
| #define HAVE_INTTYPES_H 1
| #define HAVE_STDINT_H 1
| #define HAVE_UNISTD_H 1
| #define HAVE_DLFCN_H 1
| #define LT_OBJDIR ".libs/"
| #define HAVE_NANOSLEEP 1
| #define HAVE_STRNCPY 1
| #define HAVE_STRERROR 1
| #define HAVE_GETTIMEOFDAY 1
| #define HAVE_PTHREAD 1
| #define HAVE_PTHREAD 1
| #define HAVE_MXML_H 1
| #define HAVE_MXML 1
| /* end confdefs.h.  */
| #include <stdio.h>
| #ifdef HAVE_SYS_TYPES_H
| # include <sys/types.h>
| #endif
| #ifdef HAVE_SYS_STAT_H
| # include <sys/stat.h>
| #endif
| #ifdef STDC_HEADERS
| # include <stdlib.h>
| # include <stddef.h>
| #else
| # ifdef HAVE_STDLIB_H
| #  include <stdlib.h>
| # endif
| #endif
| #ifdef HAVE_STRING_H
| # if !defined STDC_HEADERS && defined HAVE_MEMORY_H
| #  include <memory.h>
| # endif
| # include <string.h>
| #endif
| #ifdef HAVE_STRINGS_H
| # include <strings.h>
| #endif
| #ifdef HAVE_INTTYPES_H
| # include <inttypes.h>
| #endif
| #ifdef HAVE_STDINT_H
| # include <stdint.h>
| #endif
| #ifdef HAVE_UNISTD_H
| # include <unistd.h>
| #endif
| #include <nssi_client.h>
configure:25320: result: no
configure:25320: checking nssi_client.h presence
configure:25320: g++ -E   conftest.cpp
conftest.cpp:37:25: fatal error: nssi_client.h: No such file or directory
compilation terminated.
configure:25320: $? = 1
configure: failed program was:
| /* confdefs.h */
| #define PACKAGE_NAME "adios"
| #define PACKAGE_TARNAME "adios"
| #define PACKAGE_VERSION "1.9.0"
| #define PACKAGE_STRING "adios 1.9.0"
| #define PACKAGE_BUGREPORT ""
| #define PACKAGE_URL ""
| #define PACKAGE "adios"
| #define VERSION "1.9.0"
| #define HAVE_STRINGIZE 1
| #define HAVE_MPI 1
| #define HAVE_MPI 1
| #define FC_FUNC(name,NAME) name ## _
| #define FC_FUNC_(name,NAME) name ## _
| #define HAVE_MPI 1
| #define STDC_HEADERS 1
| #define HAVE_SYS_TYPES_H 1
| #define HAVE_SYS_STAT_H 1
| #define HAVE_STDLIB_H 1
| #define HAVE_STRING_H 1
| #define HAVE_MEMORY_H 1
| #define HAVE_STRINGS_H 1
| #define HAVE_INTTYPES_H 1
| #define HAVE_STDINT_H 1
| #define HAVE_UNISTD_H 1
| #define HAVE_DLFCN_H 1
| #define LT_OBJDIR ".libs/"
| #define HAVE_NANOSLEEP 1
| #define HAVE_STRNCPY 1
| #define HAVE_STRERROR 1
| #define HAVE_GETTIMEOFDAY 1
| #define HAVE_PTHREAD 1
| #define HAVE_PTHREAD 1
| #define HAVE_MXML_H 1
| #define HAVE_MXML 1
| /* end confdefs.h.  */
| #include <nssi_client.h>
configure:25320: result: no
configure:25320: checking for nssi_client.h
configure:25320: result: no
configure:25641: checking dataspaces.h usability
configure:25641: mpicc -c -g -O3 -fPIC -fopenmp   conftest.c >&5
conftest.c:70:24: fatal error: dataspaces.h: No such file or directory
compilation terminated.
configure:25641: $? = 1
configure: failed program was:
| /* confdefs.h */
| #define PACKAGE_NAME "adios"
| #define PACKAGE_TARNAME "adios"
| #define PACKAGE_VERSION "1.9.0"
| #define PACKAGE_STRING "adios 1.9.0"
| #define PACKAGE_BUGREPORT ""
| #define PACKAGE_URL ""
| #define PACKAGE "adios"
| #define VERSION "1.9.0"
| #define HAVE_STRINGIZE 1
| #define HAVE_MPI 1
| #define HAVE_MPI 1
| #define FC_FUNC(name,NAME) name ## _
| #define FC_FUNC_(name,NAME) name ## _
| #define HAVE_MPI 1
| #define STDC_HEADERS 1
| #define HAVE_SYS_TYPES_H 1
| #define HAVE_SYS_STAT_H 1
| #define HAVE_STDLIB_H 1
| #define HAVE_STRING_H 1
| #define HAVE_MEMORY_H 1
| #define HAVE_STRINGS_H 1
| #define HAVE_INTTYPES_H 1
| #define HAVE_STDINT_H 1
| #define HAVE_UNISTD_H 1
| #define HAVE_DLFCN_H 1
| #define LT_OBJDIR ".libs/"
| #define HAVE_NANOSLEEP 1
| #define HAVE_STRNCPY 1
| #define HAVE_STRERROR 1
| #define HAVE_GETTIMEOFDAY 1
| #define HAVE_PTHREAD 1
| #define HAVE_PTHREAD 1
| #define HAVE_MXML_H 1
| #define HAVE_MXML 1
| /* end confdefs.h.  */
| #include <stdio.h>
| #ifdef HAVE_SYS_TYPES_H
| # include <sys/types.h>
| #endif
| #ifdef HAVE_SYS_STAT_H
| # include <sys/stat.h>
| #endif
| #ifdef STDC_HEADERS
| # include <stdlib.h>
| # include <stddef.h>
| #else
| # ifdef HAVE_STDLIB_H
| #  include <stdlib.h>
| # endif
| #endif
| #ifdef HAVE_STRING_H
| # if !defined STDC_HEADERS && defined HAVE_MEMORY_H
| #  include <memory.h>
| # endif
| # include <string.h>
| #endif
| #ifdef HAVE_STRINGS_H
| # include <strings.h>
| #endif
| #ifdef HAVE_INTTYPES_H
| # include <inttypes.h>
| #endif
| #ifdef HAVE_STDINT_H
| # include <stdint.h>
| #endif
| #ifdef HAVE_UNISTD_H
| # include <unistd.h>
| #endif
| #include <dataspaces.h>
configure:25641: result: no
configure:25641: checking dataspaces.h presence
configure:25641: mpicc -E   conftest.c
conftest.c:37:24: fatal error: dataspaces.h: No such file or directory
compilation terminated.
configure:25641: $? = 1
configure: failed program was:
| /* confdefs.h */
| #define PACKAGE_NAME "adios"
| #define PACKAGE_TARNAME "adios"
| #define PACKAGE_VERSION "1.9.0"
| #define PACKAGE_STRING "adios 1.9.0"
| #define PACKAGE_BUGREPORT ""
| #define PACKAGE_URL ""
| #define PACKAGE "adios"
| #define VERSION "1.9.0"
| #define HAVE_STRINGIZE 1
| #define HAVE_MPI 1
| #define HAVE_MPI 1
| #define FC_FUNC(name,NAME) name ## _
| #define FC_FUNC_(name,NAME) name ## _
| #define HAVE_MPI 1
| #define STDC_HEADERS 1
| #define HAVE_SYS_TYPES_H 1
| #define HAVE_SYS_STAT_H 1
| #define HAVE_STDLIB_H 1
| #define HAVE_STRING_H 1
| #define HAVE_MEMORY_H 1
| #define HAVE_STRINGS_H 1
| #define HAVE_INTTYPES_H 1
| #define HAVE_STDINT_H 1
| #define HAVE_UNISTD_H 1
| #define HAVE_DLFCN_H 1
| #define LT_OBJDIR ".libs/"
| #define HAVE_NANOSLEEP 1
| #define HAVE_STRNCPY 1
| #define HAVE_STRERROR 1
| #define HAVE_GETTIMEOFDAY 1
| #define HAVE_PTHREAD 1
| #define HAVE_PTHREAD 1
| #define HAVE_MXML_H 1
| #define HAVE_MXML 1
| /* end confdefs.h.  */
| #include <dataspaces.h>
configure:25641: result: no
configure:25641: checking for dataspaces.h
configure:25641: result: no
configure:25985: checking dimes_interface.h usability
configure:25985: mpicc -c -g -O3 -fPIC -fopenmp   conftest.c >&5
conftest.c:70:29: fatal error: dimes_interface.h: No such file or directory
compilation terminated.
configure:25985: $? = 1
configure: failed program was:
| /* confdefs.h */
| #define PACKAGE_NAME "adios"
| #define PACKAGE_TARNAME "adios"
| #define PACKAGE_VERSION "1.9.0"
| #define PACKAGE_STRING "adios 1.9.0"
| #define PACKAGE_BUGREPORT ""
| #define PACKAGE_URL ""
| #define PACKAGE "adios"
| #define VERSION "1.9.0"
| #define HAVE_STRINGIZE 1
| #define HAVE_MPI 1
| #define HAVE_MPI 1
| #define FC_FUNC(name,NAME) name ## _
| #define FC_FUNC_(name,NAME) name ## _
| #define HAVE_MPI 1
| #define STDC_HEADERS 1
| #define HAVE_SYS_TYPES_H 1
| #define HAVE_SYS_STAT_H 1
| #define HAVE_STDLIB_H 1
| #define HAVE_STRING_H 1
| #define HAVE_MEMORY_H 1
| #define HAVE_STRINGS_H 1
| #define HAVE_INTTYPES_H 1
| #define HAVE_STDINT_H 1
| #define HAVE_UNISTD_H 1
| #define HAVE_DLFCN_H 1
| #define LT_OBJDIR ".libs/"
| #define HAVE_NANOSLEEP 1
| #define HAVE_STRNCPY 1
| #define HAVE_STRERROR 1
| #define HAVE_GETTIMEOFDAY 1
| #define HAVE_PTHREAD 1
| #define HAVE_PTHREAD 1
| #define HAVE_MXML_H 1
| #define HAVE_MXML 1
| /* end confdefs.h.  */
| #include <stdio.h>
| #ifdef HAVE_SYS_TYPES_H
| # include <sys/types.h>
| #endif
| #ifdef HAVE_SYS_STAT_H
| # include <sys/stat.h>
| #endif
| #ifdef STDC_HEADERS
| # include <stdlib.h>
| # include <stddef.h>
| #else
| # ifdef HAVE_STDLIB_H
| #  include <stdlib.h>
| # endif
| #endif
| #ifdef HAVE_STRING_H
| # if !defined STDC_HEADERS && defined HAVE_MEMORY_H
| #  include <memory.h>
| # endif
| # include <string.h>
| #endif
| #ifdef HAVE_STRINGS_H
| # include <strings.h>
| #endif
| #ifdef HAVE_INTTYPES_H
| # include <inttypes.h>
| #endif
| #ifdef HAVE_STDINT_H
| # include <stdint.h>
| #endif
| #ifdef HAVE_UNISTD_H
| # include <unistd.h>
| #endif
| #include <dimes_interface.h>
configure:25985: result: no
configure:25985: checking dimes_interface.h presence
configure:25985: mpicc -E   conftest.c
conftest.c:37:29: fatal error: dimes_interface.h: No such file or directory
compilation terminated.
configure:25985: $? = 1
configure: failed program was:
| /* confdefs.h */
| #define PACKAGE_NAME "adios"
| #define PACKAGE_TARNAME "adios"
| #define PACKAGE_VERSION "1.9.0"
| #define PACKAGE_STRING "adios 1.9.0"
| #define PACKAGE_BUGREPORT ""
| #define PACKAGE_URL ""
| #define PACKAGE "adios"
| #define VERSION "1.9.0"
| #define HAVE_STRINGIZE 1
| #define HAVE_MPI 1
| #define HAVE_MPI 1
| #define FC_FUNC(name,NAME) name ## _
| #define FC_FUNC_(name,NAME) name ## _
| #define HAVE_MPI 1
| #define STDC_HEADERS 1
| #define HAVE_SYS_TYPES_H 1
| #define HAVE_SYS_STAT_H 1
| #define HAVE_STDLIB_H 1
| #define HAVE_STRING_H 1
| #define HAVE_MEMORY_H 1
| #define HAVE_STRINGS_H 1
| #define HAVE_INTTYPES_H 1
| #define HAVE_STDINT_H 1
| #define HAVE_UNISTD_H 1
| #define HAVE_DLFCN_H 1
| #define LT_OBJDIR ".libs/"
| #define HAVE_NANOSLEEP 1
| #define HAVE_STRNCPY 1
| #define HAVE_STRERROR 1
| #define HAVE_GETTIMEOFDAY 1
| #define HAVE_PTHREAD 1
| #define HAVE_PTHREAD 1
| #define HAVE_MXML_H 1
| #define HAVE_MXML 1
| /* end confdefs.h.  */
| #include <dimes_interface.h>
configure:25985: result: no
configure:25985: checking for dimes_interface.h
configure:25985: result: no
configure:26295: === checking for Lustre ===
configure:26620: === checking for SIRIUS ===
configure:26684: === checking for FGR ===
configure:26751: === checking for ZFP ===
configure:26817: === checking for GLIB ===
configure:26880: mpicc -c -g -O3 -fPIC -fopenmp  -I/root/glib/include/glib-2.0 -I/root/glib/lib/glib-2.0/include conftest.c >&5
configure:26880: $? = 0
configure:26928: checking for csh
configure:26961: result: no
configure:26991: checking for cygpath
configure:27019: result: echo
configure:29858: === checking for FLEXPATH ===
configure:31658: === checking for ZLIB ===
configure:31852: === checking for BZIP2 ===
configure:32051: === checking for SZIP ===
configure:32142: === checking for ISOBAR ===
configure:32233: === checking for APLOD ===
configure:32324: === checking for ALACRITY ===
configure:32392: === checking for RIDCOMPRESS ===
configure:32487: checking iapi.h usability
configure:32487: g++ -c -g -O2  -I/include/fastbit conftest.cpp >&5
conftest.cpp:76:18: fatal error: iapi.h: No such file or directory
compilation terminated.
configure:32487: $? = 1
configure: failed program was:
| /* confdefs.h */
| #define PACKAGE_NAME "adios"
| #define PACKAGE_TARNAME "adios"
| #define PACKAGE_VERSION "1.9.0"
| #define PACKAGE_STRING "adios 1.9.0"
| #define PACKAGE_BUGREPORT ""
| #define PACKAGE_URL ""
| #define PACKAGE "adios"
| #define VERSION "1.9.0"
| #define HAVE_STRINGIZE 1
| #define HAVE_MPI 1
| #define HAVE_MPI 1
| #define FC_FUNC(name,NAME) name ## _
| #define FC_FUNC_(name,NAME) name ## _
| #define HAVE_MPI 1
| #define STDC_HEADERS 1
| #define HAVE_SYS_TYPES_H 1
| #define HAVE_SYS_STAT_H 1
| #define HAVE_STDLIB_H 1
| #define HAVE_STRING_H 1
| #define HAVE_MEMORY_H 1
| #define HAVE_STRINGS_H 1
| #define HAVE_INTTYPES_H 1
| #define HAVE_STDINT_H 1
| #define HAVE_UNISTD_H 1
| #define HAVE_DLFCN_H 1
| #define LT_OBJDIR ".libs/"
| #define HAVE_NANOSLEEP 1
| #define HAVE_STRNCPY 1
| #define HAVE_STRERROR 1
| #define HAVE_GETTIMEOFDAY 1
| #define HAVE_PTHREAD 1
| #define HAVE_PTHREAD 1
| #define HAVE_MXML_H 1
| #define HAVE_MXML 1
| #define HAVE_ZFP 1
| #define HAVE_GLIB 1
| #define NO_DATATAP 1
| #define NO_DATATAP 1
| #define NO_FLEXPATH 1
| #define HAVE_FLEXPATH 0
| /* end confdefs.h.  */
| #include <stdio.h>
| #ifdef HAVE_SYS_TYPES_H
| # include <sys/types.h>
| #endif
| #ifdef HAVE_SYS_STAT_H
| # include <sys/stat.h>
| #endif
| #ifdef STDC_HEADERS
| # include <stdlib.h>
| # include <stddef.h>
| #else
| # ifdef HAVE_STDLIB_H
| #  include <stdlib.h>
| # endif
| #endif
| #ifdef HAVE_STRING_H
| # if !defined STDC_HEADERS && defined HAVE_MEMORY_H
| #  include <memory.h>
| # endif
| # include <string.h>
| #endif
| #ifdef HAVE_STRINGS_H
| # include <strings.h>
| #endif
| #ifdef HAVE_INTTYPES_H
| # include <inttypes.h>
| #endif
| #ifdef HAVE_STDINT_H
| # include <stdint.h>
| #endif
| #ifdef HAVE_UNISTD_H
| # include <unistd.h>
| #endif
| #include <iapi.h>
configure:32487: result: no
configure:32487: checking iapi.h presence
configure:32487: g++ -E  -I/include/fastbit conftest.cpp
conftest.cpp:43:18: fatal error: iapi.h: No such file or directory
compilation terminated.
configure:32487: $? = 1
configure: failed program was:
| /* confdefs.h */
| #define PACKAGE_NAME "adios"
| #define PACKAGE_TARNAME "adios"
| #define PACKAGE_VERSION "1.9.0"
| #define PACKAGE_STRING "adios 1.9.0"
| #define PACKAGE_BUGREPORT ""
| #define PACKAGE_URL ""
| #define PACKAGE "adios"
| #define VERSION "1.9.0"
| #define HAVE_STRINGIZE 1
| #define HAVE_MPI 1
| #define HAVE_MPI 1
| #define FC_FUNC(name,NAME) name ## _
| #define FC_FUNC_(name,NAME) name ## _
| #define HAVE_MPI 1
| #define STDC_HEADERS 1
| #define HAVE_SYS_TYPES_H 1
| #define HAVE_SYS_STAT_H 1
| #define HAVE_STDLIB_H 1
| #define HAVE_STRING_H 1
| #define HAVE_MEMORY_H 1
| #define HAVE_STRINGS_H 1
| #define HAVE_INTTYPES_H 1
| #define HAVE_STDINT_H 1
| #define HAVE_UNISTD_H 1
| #define HAVE_DLFCN_H 1
| #define LT_OBJDIR ".libs/"
| #define HAVE_NANOSLEEP 1
| #define HAVE_STRNCPY 1
| #define HAVE_STRERROR 1
| #define HAVE_GETTIMEOFDAY 1
| #define HAVE_PTHREAD 1
| #define HAVE_PTHREAD 1
| #define HAVE_MXML_H 1
| #define HAVE_MXML 1
| #define HAVE_ZFP 1
| #define HAVE_GLIB 1
| #define NO_DATATAP 1
| #define NO_DATATAP 1
| #define NO_FLEXPATH 1
| #define HAVE_FLEXPATH 0
| /* end confdefs.h.  */
| #include <iapi.h>
configure:32487: result: no
configure:32487: checking for iapi.h
configure:32487: result: no
configure:32494: result: Cannot find iapi.h from the FastBit lib. Make sure it has been properly installed at the path specified ().      
configure:32521: result: Not building with FastBit library
configure:32684: === checking for BGQ ===
configure:33636: checking that generated files are newer than configure
configure:33642: result: done
configure:34241: creating ./config.status
configure:36958: WARNING: unrecognized options: --enable-debugger

## ---------------- ##
## Cache variables. ##
## ---------------- ##

ac_cv_build=x86_64-unknown-linux-gnu
ac_cv_c_compiler_gnu=yes
ac_cv_c_stringize=yes
ac_cv_cxx_compiler_gnu=yes
ac_cv_env_CCC_set=
ac_cv_env_CCC_value=
ac_cv_env_CC_set=set
ac_cv_env_CC_value=mpicc
ac_cv_env_CFLAGS_set=set
ac_cv_env_CFLAGS_value='-g -O3 -fPIC -fopenmp'
ac_cv_env_CPPFLAGS_set=
ac_cv_env_CPPFLAGS_value=
ac_cv_env_CPP_set=
ac_cv_env_CPP_value=
ac_cv_env_CXXCPP_set=
ac_cv_env_CXXCPP_value=
ac_cv_env_CXXFLAGS_set=
ac_cv_env_CXXFLAGS_value=
ac_cv_env_CXX_set=
ac_cv_env_CXX_value=
ac_cv_env_FCFLAGS_set=
ac_cv_env_FCFLAGS_value=
ac_cv_env_FC_set=
ac_cv_env_FC_value=
ac_cv_env_LDFLAGS_set=set
ac_cv_env_LDFLAGS_value='-L/usr/lib -pthread'
ac_cv_env_LIBS_set=
ac_cv_env_LIBS_value=
ac_cv_env_LT_SYS_LIBRARY_PATH_set=
ac_cv_env_LT_SYS_LIBRARY_PATH_value=
ac_cv_env_MPICC_set=
ac_cv_env_MPICC_value=
ac_cv_env_MPICXX_set=
ac_cv_env_MPICXX_value=
ac_cv_env_MPIFC_set=
ac_cv_env_MPIFC_value=
ac_cv_env_build_alias_set=
ac_cv_env_build_alias_value=
ac_cv_env_host_alias_set=
ac_cv_env_host_alias_value=
ac_cv_env_target_alias_set=
ac_cv_env_target_alias_value=
ac_cv_fc_compiler_gnu=yes
ac_cv_fc_dummy_main=none
ac_cv_fc_libs=' -L/usr/lib -L/usr/lib/gcc/x86_64-linux-gnu/7 -L/usr/lib/gcc/x86_64-linux-gnu/7/../../../x86_64-linux-gnu -L/usr/lib/gcc/x86_64-linux-gnu/7/../../../../lib -L/lib/x86_64-linux-gnu -L/lib/../lib -L/usr/lib/x86_64-linux-gnu -L/usr/lib/../lib -L/usr/lib/gcc/x86_64-linux-gnu/7/../../.. -lgfortran -lm -lquadmath -lpthread'
ac_cv_fc_mangling='lower case, underscore, no extra underscore'
ac_cv_fortran_dummy_main=none
ac_cv_func_MPI_Init=yes
ac_cv_func_gettimeofday=yes
ac_cv_func_nanosleep=yes
ac_cv_func_strerror=yes
ac_cv_func_strncpy=yes
ac_cv_header_Attributes_h=no
ac_cv_header_dataspaces_h=no
ac_cv_header_dcmf_h=no
ac_cv_header_dimes_interface_h=no
ac_cv_header_dlfcn_h=yes
ac_cv_header_iapi_h=no
ac_cv_header_infiniband_verbs_h=no
ac_cv_header_inttypes_h=yes
ac_cv_header_memory_h=yes
ac_cv_header_mxml_h=yes
ac_cv_header_netcdf_h=no
ac_cv_header_nssi_client_h=no
ac_cv_header_pami_h=no
ac_cv_header_stdc=yes
ac_cv_header_stdint_h=yes
ac_cv_header_stdlib_h=yes
ac_cv_header_string_h=yes
ac_cv_header_strings_h=yes
ac_cv_header_sys_stat_h=yes
ac_cv_header_sys_types_h=yes
ac_cv_header_unistd_h=yes
ac_cv_host=x86_64-unknown-linux-gnu
ac_cv_objext=o
ac_cv_path_EGREP='/bin/grep -E'
ac_cv_path_FGREP='/bin/grep -F'
ac_cv_path_GREP=/bin/grep
ac_cv_path_SED=/bin/sed
ac_cv_path_install='/usr/bin/install -c'
ac_cv_path_lt_DD=/bin/dd
ac_cv_path_mkdir=/bin/mkdir
ac_cv_prog_AWK=mawk
ac_cv_prog_CPP='mpicc -E'
ac_cv_prog_CXXCPP='g++ -E'
ac_cv_prog_MPICC=mpicc
ac_cv_prog_MPICXX=mpic++
ac_cv_prog_MPIFC=mpif90
ac_cv_prog_PATHPROG=echo
ac_cv_prog_PTHREAD_CC=mpicc
ac_cv_prog_ac_ct_AR=ar
ac_cv_prog_ac_ct_CC=mpicc
ac_cv_prog_ac_ct_CXX=g++
ac_cv_prog_ac_ct_FC=gfortran
ac_cv_prog_ac_ct_OBJDUMP=objdump
ac_cv_prog_ac_ct_RANLIB=ranlib
ac_cv_prog_ac_ct_STRIP=strip
ac_cv_prog_cc_c89=
ac_cv_prog_cc_g=yes
ac_cv_prog_cxx_g=yes
ac_cv_prog_fc_c_o=yes
ac_cv_prog_fc_g=yes
ac_cv_prog_fc_v=-v
ac_cv_prog_make_make_set=yes
ac_cv_search_nanosleep='none required'
am_cv_CC_dependencies_compiler_type=gcc3
am_cv_CXX_dependencies_compiler_type=gcc3
am_cv_make_support_nested_variables=yes
am_cv_prog_cc_c_o=yes
cercs_cv_archive=
lt_cv_ar_at_file=@
lt_cv_archive_cmds_need_lc=no
lt_cv_deplibs_check_method=pass_all
lt_cv_file_magic_cmd='$MAGIC_CMD'
lt_cv_file_magic_test_file=
lt_cv_ld_reload_flag=-r
lt_cv_nm_interface='BSD nm'
lt_cv_objdir=.libs
lt_cv_path_LD=/usr/bin/ld
lt_cv_path_LDCXX='/usr/bin/ld -m elf_x86_64'
lt_cv_path_NM='/usr/bin/nm -B'
lt_cv_path_mainfest_tool=no
lt_cv_prog_compiler_c_o=yes
lt_cv_prog_compiler_c_o_CXX=yes
lt_cv_prog_compiler_c_o_FC=yes
lt_cv_prog_compiler_pic='-fPIC -DPIC'
lt_cv_prog_compiler_pic_CXX='-fPIC -DPIC'
lt_cv_prog_compiler_pic_FC=-fPIC
lt_cv_prog_compiler_pic_works=yes
lt_cv_prog_compiler_pic_works_CXX=yes
lt_cv_prog_compiler_pic_works_FC=yes
lt_cv_prog_compiler_rtti_exceptions=no
lt_cv_prog_compiler_static_works=no
lt_cv_prog_compiler_static_works_CXX=yes
lt_cv_prog_compiler_static_works_FC=yes
lt_cv_prog_gnu_ld=yes
lt_cv_prog_gnu_ldcxx=yes
lt_cv_sharedlib_from_linklib_cmd='printf %s\n'
lt_cv_shlibpath_overrides_runpath=yes
lt_cv_sys_global_symbol_pipe='sed -n -e '\''s/^.*[	 ]\([ABCDGIRSTW][ABCDGIRSTW]*\)[	 ][	 ]*\([_A-Za-z][_A-Za-z0-9]*\)$/\1 \2 \2/p'\'' | sed '\''/ __gnu_lto/d'\'''
lt_cv_sys_global_symbol_to_c_name_address='sed -n -e '\''s/^: \(.*\) .*$/  {"\1", (void *) 0},/p'\'' -e '\''s/^[ABCDGIRSTW][ABCDGIRSTW]* .* \(.*\)$/  {"\1", (void *) \&\1},/p'\'''
lt_cv_sys_global_symbol_to_c_name_address_lib_prefix='sed -n -e '\''s/^: \(.*\) .*$/  {"\1", (void *) 0},/p'\'' -e '\''s/^[ABCDGIRSTW][ABCDGIRSTW]* .* \(lib.*\)$/  {"\1", (void *) \&\1},/p'\'' -e '\''s/^[ABCDGIRSTW][ABCDGIRSTW]* .* \(.*\)$/  {"lib\1", (void *) \&\1},/p'\'''
lt_cv_sys_global_symbol_to_cdecl='sed -n -e '\''s/^T .* \(.*\)$/extern int \1();/p'\'' -e '\''s/^[ABCDGIRSTW][ABCDGIRSTW]* .* \(.*\)$/extern char \1;/p'\'''
lt_cv_sys_global_symbol_to_import=
lt_cv_sys_max_cmd_len=1572864
lt_cv_to_host_file_cmd=func_convert_file_noop
lt_cv_to_tool_file_cmd=func_convert_file_noop
lt_cv_truncate_bin='/bin/dd bs=4096 count=1'

## ----------------- ##
## Output variables. ##
## ----------------- ##

ACLOCAL='${SHELL} /root/sirius_storage/config/missing aclocal-1.15'
ADIOSLIB_CFLAGS='  '
ADIOSLIB_CPPFLAGS='-I/root/mxml/include -I/root/zfp-0.5.5/inc -I/root/glib/include/glib-2.0 -I/root/glib/lib/glib-2.0/include'
ADIOSLIB_EXTRA_CPPFLAGS='-D_FILE_OFFSET_BITS=64 -D_LARGEFILE_SOURCE -D_LARGEFILE64_SOURCE -D_GNU_SOURCE'
ADIOSLIB_INT_CFLAGS=''
ADIOSLIB_INT_CPPFLAGS='-D_NOMPI -I/root/mxml/include'
ADIOSLIB_INT_LDADD='-lm -lmxml'
ADIOSLIB_INT_LDFLAGS='-L/root/mxml/lib'
ADIOSLIB_LDADD='-lm -lmxml -lzfp -lglib-2.0'
ADIOSLIB_LDFLAGS='-L/root/mxml/lib -L/root/zfp-0.5.5/lib -L/root/glib/lib'
ADIOSLIB_SEQ_CFLAGS='  '
ADIOSLIB_SEQ_CPPFLAGS='-D_NOMPI -I/root/mxml/include -I/root/zfp-0.5.5/inc -I/root/glib/include/glib-2.0 -I/root/glib/lib/glib-2.0/include'
ADIOSLIB_SEQ_LDADD='-lm -lmxml -lzfp -lglib-2.0'
ADIOSLIB_SEQ_LDFLAGS='-L/root/mxml/lib -L/root/zfp-0.5.5/lib -L/root/glib/lib'
ADIOSREADLIB_CFLAGS=''
ADIOSREADLIB_CPPFLAGS=''
ADIOSREADLIB_LDADD='-lm'
ADIOSREADLIB_LDFLAGS=''
ADIOSREADLIB_SEQ_CFLAGS=''
ADIOSREADLIB_SEQ_CPPFLAGS='-D_NOMPI'
ADIOSREADLIB_SEQ_LDADD='-lm'
ADIOSREADLIB_SEQ_LDFLAGS=''
ADIOS_TIMERS=''
ADIOS_TIMERS_FALSE='#'
ADIOS_TIMERS_TRUE=''
ADIOS_TIMER_EVENTS=''
ADIOS_TIMER_EVENTS_FALSE=''
ADIOS_TIMER_EVENTS_TRUE='#'
ALACRITY_CPPFLAGS=''
ALACRITY_LDFLAGS=''
ALACRITY_LIBS=''
AMDEPBACKSLASH='\'
AMDEP_FALSE='#'
AMDEP_TRUE=''
AMTAR='$${TAR-tar}'
AM_BACKSLASH='\'
AM_DEFAULT_V='$(AM_DEFAULT_VERBOSITY)'
AM_DEFAULT_VERBOSITY='1'
AM_V='$(V)'
APLOD_CPPFLAGS=''
APLOD_LDFLAGS=''
APLOD_LIBS=''
AR='ar'
AUTOCONF='${SHELL} /root/sirius_storage/config/missing autoconf'
AUTOHEADER='${SHELL} /root/sirius_storage/config/missing autoheader'
AUTOMAKE='${SHELL} /root/sirius_storage/config/missing automake-1.15'
AWK='mawk'
BP2H5_CC='mpicc'
BP2NCD_CC='mpicc'
BUILD_FORTRAN_FALSE='#'
BUILD_FORTRAN_TRUE=''
BUILD_WRITE_FALSE='#'
BUILD_WRITE_TRUE=''
BZIP2_CPPFLAGS=''
BZIP2_LDFLAGS=''
BZIP2_LIBS=''
CC='mpicc'
CCDEPMODE='depmode=gcc3'
CFLAGS='-g -O3 -fPIC -fopenmp'
CPP='mpicc -E'
CPPFLAGS=''
CRAY_PMI_CPPFLAGS=''
CRAY_PMI_LDFLAGS=''
CRAY_PMI_LIBS=''
CRAY_UGNI_CPPFLAGS=''
CRAY_UGNI_LDFLAGS=''
CRAY_UGNI_LIBS=''
CSH=''
CXX='g++'
CXXCPP='g++ -E'
CXXDEPMODE='depmode=gcc3'
CXXFLAGS='-g -O2'
CYGPATH_W='echo'
DATASPACES_CPPFLAGS=''
DATASPACES_LDFLAGS=''
DATASPACES_LIBS=''
DCMF_CFLAGS=''
DCMF_CPPFLAGS=''
DCMF_LDFLAGS=''
DCMF_LIBS=''
DEFS='-DHAVE_CONFIG_H'
DEPDIR='.deps'
DIMES_CPPFLAGS=''
DIMES_LDFLAGS=''
DIMES_LIBS=''
DLLTOOL='false'
DMALLOC_CPPFLAGS=''
DMALLOC_LDFLAGS=''
DMALLOC_LIBS=''
DSYMUTIL=''
DT_CPPFLAGS=''
DT_LDFLAGS=''
DT_LIBS=''
DUMPBIN=''
ECHO_C=''
ECHO_N='-n'
ECHO_T=''
EGREP='/bin/grep -E'
EXEEXT=''
FASTBIT_CPPFLAGS='-I/include/fastbit'
FASTBIT_LDFLAGS='-L/lib'
FASTBIT_LIBS='-lfastbit'
FC='gfortran'
FCFLAGS='-g -O2'
FCLIBS=' -L/usr/lib -L/usr/lib/gcc/x86_64-linux-gnu/7 -L/usr/lib/gcc/x86_64-linux-gnu/7/../../../x86_64-linux-gnu -L/usr/lib/gcc/x86_64-linux-gnu/7/../../../../lib -L/lib/x86_64-linux-gnu -L/lib/../lib -L/usr/lib/x86_64-linux-gnu -L/usr/lib/../lib -L/usr/lib/gcc/x86_64-linux-gnu/7/../../.. -lgfortran -lm -lquadmath -lpthread'
FGREP='/bin/grep -F'
FGR_CPPFLAGS=''
FGR_LDFLAGS=''
FGR_LIBS=''
FP_CPPFLAGS=''
FP_LDFLAGS=''
FP_LIBS=''
GLIB_CPPFLAGS='-I/root/glib/include/glib-2.0 -I/root/glib/lib/glib-2.0/include'
GLIB_LDFLAGS='-L/root/glib/lib'
GLIB_LIBS='-lglib-2.0'
GREP='/bin/grep'
HAVE_ALACRITY_FALSE=''
HAVE_ALACRITY_TRUE='#'
HAVE_APLOD_FALSE=''
HAVE_APLOD_TRUE='#'
HAVE_BGQ_FALSE=''
HAVE_BGQ_TRUE='#'
HAVE_BZIP2_FALSE=''
HAVE_BZIP2_TRUE='#'
HAVE_CRAY_PMI_FALSE=''
HAVE_CRAY_PMI_TRUE='#'
HAVE_CRAY_UGNI_FALSE=''
HAVE_CRAY_UGNI_TRUE='#'
HAVE_CYGWIN_FALSE=''
HAVE_CYGWIN_TRUE='#'
HAVE_DATASPACES_FALSE=''
HAVE_DATASPACES_TRUE='#'
HAVE_DATATAP_FALSE=''
HAVE_DATATAP_TRUE='#'
HAVE_DCMF_FALSE=''
HAVE_DCMF_TRUE='#'
HAVE_DIMES_FALSE=''
HAVE_DIMES_TRUE='#'
HAVE_DMALLOC_FALSE=''
HAVE_DMALLOC_TRUE='#'
HAVE_FASTBIT_FALSE=''
HAVE_FASTBIT_TRUE='#'
HAVE_FGR_FALSE=''
HAVE_FGR_TRUE='#'
HAVE_FLEXPATH_FALSE=''
HAVE_FLEXPATH_TRUE='#'
HAVE_GLIB_FALSE='#'
HAVE_GLIB_TRUE=''
HAVE_HDF5_FALSE=''
HAVE_HDF5_TRUE='#'
HAVE_ICEE_FALSE=''
HAVE_ICEE_TRUE='#'
HAVE_INFINIBAND_FALSE=''
HAVE_INFINIBAND_TRUE='#'
HAVE_ISOBAR_FALSE=''
HAVE_ISOBAR_TRUE='#'
HAVE_LUSTRE_FALSE=''
HAVE_LUSTRE_TRUE='#'
HAVE_MPI_FALSE='#'
HAVE_MPI_TRUE=''
HAVE_MXML_FALSE='#'
HAVE_MXML_TRUE=''
HAVE_NC4PAR_FALSE=''
HAVE_NC4PAR_TRUE='#'
HAVE_NCSU_TIMER_FALSE=''
HAVE_NCSU_TIMER_TRUE='#'
HAVE_NETCDF_FALSE=''
HAVE_NETCDF_TRUE='#'
HAVE_NSSI_FALSE=''
HAVE_NSSI_TRUE='#'
HAVE_PABLO_FALSE=''
HAVE_PABLO_TRUE='#'
HAVE_PAMI_FALSE=''
HAVE_PAMI_TRUE='#'
HAVE_PHDF5_FALSE=''
HAVE_PHDF5_TRUE='#'
HAVE_PORTALS_FALSE=''
HAVE_PORTALS_TRUE='#'
HAVE_RIDCOMPRESS_FALSE=''
HAVE_RIDCOMPRESS_TRUE='#'
HAVE_SIRIUS_FALSE=''
HAVE_SIRIUS_TRUE='#'
HAVE_SZIP_FALSE=''
HAVE_SZIP_TRUE='#'
HAVE_ZFP_FALSE='#'
HAVE_ZFP_TRUE=''
HAVE_ZLIB_FALSE=''
HAVE_ZLIB_TRUE='#'
HDF5_CPPFLAGS=''
HDF5_LDFLAGS=''
HDF5_LIBS=''
INFINIBAND_CFLAGS=''
INFINIBAND_CPPFLAGS=''
INFINIBAND_LDFLAGS=''
INFINIBAND_LIBS=''
INSTALL_DATA='${INSTALL} -m 644'
INSTALL_PROGRAM='${INSTALL}'
INSTALL_SCRIPT='${INSTALL}'
INSTALL_STRIP_PROGRAM='$(install_sh) -c -s'
ISOBAR_CPPFLAGS=''
ISOBAR_LDFLAGS=''
ISOBAR_LIBS=''
LD='/usr/bin/ld -m elf_x86_64'
LDFLAGS='-L/usr/lib -pthread'
LIBOBJS=''
LIBS=''
LIBTOOL='$(SHELL) $(top_builddir)/libtool'
LIPO=''
LN_S='ln -s'
LTLIBOBJS=''
LT_SYS_LIBRARY_PATH=''
LUSTRE_CPPFLAGS=''
LUSTRE_LDFLAGS=''
LUSTRE_LIBS=''
MACRODEFFLAG='-D'
MAINT=''
MAINTAINER_MODE_FALSE='#'
MAINTAINER_MODE_TRUE=''
MAKEINFO='${SHELL} /root/sirius_storage/config/missing makeinfo'
MANIFEST_TOOL=':'
MKDIR_P='/bin/mkdir -p'
MPICC='mpicc'
MPICXX='mpic++'
MPIFC='mpif90'
MPILIBS=''
MXML_CPPFLAGS='-I/root/mxml/include'
MXML_LDFLAGS='-L/root/mxml/lib'
MXML_LIBS='-lmxml'
NC4PAR_CPPFLAGS=''
NC4PAR_LDFLAGS=''
NC4PAR_LIBS=''
NEED_DARWIN_SINGLE_MODULE_FALSE=''
NEED_DARWIN_SINGLE_MODULE_TRUE='#'
NETCDF_CPPFLAGS=''
NETCDF_LDFLAGS=''
NETCDF_LIBS='-lnetcdf'
NM='/usr/bin/nm -B'
NMEDIT=''
NSSI_BUILDDIR=''
NSSI_CFLAGS=''
NSSI_CPPFLAGS=''
NSSI_LDFLAGS=''
NSSI_LIBS='-lnssi_client -lnssi_support'
NSSI_SERVER_LIBS='-lnssi_server -lnssi_support'
NSSI_SRCDIR=''
OBJDUMP='objdump'
OBJEXT='o'
OTOOL64=''
OTOOL=''
PABLO_CPPFLAGS=''
PABLO_LDFLAGS=''
PABLO_LIBS=''
PACKAGE='adios'
PACKAGE_BUGREPORT=''
PACKAGE_NAME='adios'
PACKAGE_STRING='adios 1.9.0'
PACKAGE_TARNAME='adios'
PACKAGE_URL=''
PACKAGE_VERSION='1.9.0'
PAMI_CFLAGS=''
PAMI_CPPFLAGS=''
PAMI_LDFLAGS=''
PAMI_LIBS=''
PATHPROG='echo'
PATH_SEPARATOR=':'
PHDF5_CPPFLAGS=''
PHDF5_LDFLAGS=''
PHDF5_LIBS=''
PORTALS_CFLAGS=''
PORTALS_CPPFLAGS=''
PORTALS_HEADER=''
PORTALS_LDFLAGS=''
PORTALS_LIBS=''
PORTALS_NAL_HEADER=''
PORTALS_RT_HEADER=''
PTHREAD_CC='mpicc'
PTHREAD_CFLAGS=''
PTHREAD_LIBS=''
RANLIB='ranlib'
RESEARCH_TRANSPORTS_FALSE=''
RESEARCH_TRANSPORTS_TRUE='#'
RIDCOMPRESS_CPPFLAGS=''
RIDCOMPRESS_LDFLAGS=''
RIDCOMPRESS_LIBS=''
SED='/bin/sed'
SET_MAKE=''
SHELL='/bin/bash'
SIRIUS_CPPFLAGS=''
SIRIUS_LDFLAGS=''
SIRIUS_LIBS=''
SKEL_HAVE_ADIOS_TIMING='True'
STRIP='strip'
SZIP_CPPFLAGS=''
SZIP_LDFLAGS=''
SZIP_LIBS=''
TIMER_CPPFLAGS=''
TIMER_LDFLAGS=''
TIMER_LIBS=''
USE_PARALLEL_HDF5_FOR_UTILS_FALSE=''
USE_PARALLEL_HDF5_FOR_UTILS_TRUE='#'
USE_PARALLEL_NETCDF_FOR_UTILS_FALSE=''
USE_PARALLEL_NETCDF_FOR_UTILS_TRUE='#'
VERSION='1.9.0'
VERSION_MAJOR='1'
VERSION_MICRO='0'
VERSION_MINOR='9'
ZFP_CPPFLAGS='-I/root/zfp-0.5.5/inc'
ZFP_LDFLAGS='-L/root/zfp-0.5.5/lib'
ZFP_LIBS='-lzfp'
ZLIB_CPPFLAGS=''
ZLIB_LDFLAGS=''
ZLIB_LIBS=''
ac_ct_AR='ar'
ac_ct_CC='mpicc'
ac_ct_CXX='g++'
ac_ct_DUMPBIN=''
ac_ct_FC='gfortran'
am__EXEEXT_FALSE=''
am__EXEEXT_TRUE='#'
am__fastdepCC_FALSE='#'
am__fastdepCC_TRUE=''
am__fastdepCXX_FALSE='#'
am__fastdepCXX_TRUE=''
am__include='include'
am__isrc=''
am__leading_dot='.'
am__nodep='_no'
am__quote=''
am__tar='$${TAR-tar} chof - "$$tardir"'
am__untar='$${TAR-tar} xf -'
bindir='${exec_prefix}/bin'
build='x86_64-unknown-linux-gnu'
build_alias=''
build_cpu='x86_64'
build_os='linux-gnu'
build_vendor='unknown'
datadir='${datarootdir}'
datarootdir='${prefix}/share'
docdir='${datarootdir}/doc/${PACKAGE_TARNAME}'
dvidir='${docdir}'
exec_prefix='${prefix}'
host='x86_64-unknown-linux-gnu'
host_alias=''
host_cpu='x86_64'
host_os='linux-gnu'
host_vendor='unknown'
htmldir='${docdir}'
includedir='${prefix}/include'
infodir='${datarootdir}/info'
install_sh='${SHELL} /root/sirius_storage/config/install-sh'
libdir='${exec_prefix}/lib'
libexecdir='${exec_prefix}/libexec'
localedir='${datarootdir}/locale'
localstatedir='${prefix}/var'
mandir='${datarootdir}/man'
mkdir_p='$(MKDIR_P)'
oldincludedir='/usr/include'
pdfdir='${docdir}'
prefix='/root/ADIOS.install'
program_transform_name='s,x,x,'
psdir='${docdir}'
runstatedir='${localstatedir}/run'
sbindir='${exec_prefix}/sbin'
sharedstatedir='${prefix}/com'
sysconfdir='${prefix}/etc'
target_alias=''

## ----------- ##
## confdefs.h. ##
## ----------- ##

/* confdefs.h */
#define PACKAGE_NAME "adios"
#define PACKAGE_TARNAME "adios"
#define PACKAGE_VERSION "1.9.0"
#define PACKAGE_STRING "adios 1.9.0"
#define PACKAGE_BUGREPORT ""
#define PACKAGE_URL ""
#define PACKAGE "adios"
#define VERSION "1.9.0"
#define HAVE_STRINGIZE 1
#define HAVE_MPI 1
#define HAVE_MPI 1
#define FC_FUNC(name,NAME) name ## _
#define FC_FUNC_(name,NAME) name ## _
#define HAVE_MPI 1
#define STDC_HEADERS 1
#define HAVE_SYS_TYPES_H 1
#define HAVE_SYS_STAT_H 1
#define HAVE_STDLIB_H 1
#define HAVE_STRING_H 1
#define HAVE_MEMORY_H 1
#define HAVE_STRINGS_H 1
#define HAVE_INTTYPES_H 1
#define HAVE_STDINT_H 1
#define HAVE_UNISTD_H 1
#define HAVE_DLFCN_H 1
#define LT_OBJDIR ".libs/"
#define HAVE_NANOSLEEP 1
#define HAVE_STRNCPY 1
#define HAVE_STRERROR 1
#define HAVE_GETTIMEOFDAY 1
#define HAVE_PTHREAD 1
#define HAVE_PTHREAD 1
#define HAVE_MXML_H 1
#define HAVE_MXML 1
#define HAVE_ZFP 1
#define HAVE_GLIB 1
#define NO_DATATAP 1
#define NO_DATATAP 1
#define NO_FLEXPATH 1
#define HAVE_FLEXPATH 0
#define HAVE_BGQ 0
#define ADIOS_TIMERS 1

configure: exit 0

## ---------------------- ##
## Running config.status. ##
## ---------------------- ##

This file was extended by adios config.status 1.9.0, which was
generated by GNU Autoconf 2.69.  Invocation command line was

  CONFIG_FILES    = 
  CONFIG_HEADERS  = 
  CONFIG_LINKS    = 
  CONFIG_COMMANDS = 
  $ ./config.status 

on node1

config.status:1541: creating Makefile
config.status:1541: creating src/Makefile
config.status:1541: creating tests/Makefile
config.status:1541: creating tests/test_src/Makefile
config.status:1541: creating tests/C/Makefile
config.status:1541: creating tests/C/flexpath_tests/Makefile
config.status:1541: creating tests/C/flexpath_tests/1D_arr_global/Makefile
config.status:1541: creating tests/C/flexpath_tests/1D_arr_global_noxml/Makefile
config.status:1541: creating tests/C/flexpath_tests/global_range_select/Makefile
config.status:1541: creating tests/C/flexpath_tests/maya_noxml/Makefile
config.status:1541: creating tests/C/flexpath_tests/maya_append/Makefile
config.status:1541: creating tests/C/flexpath_tests/scalar/Makefile
config.status:1541: creating tests/C/fgr_tests/Makefile
config.status:1541: creating tests/C/query/Makefile
config.status:1541: creating tests/C/query/common/Makefile
config.status:1541: creating tests/C/query/fastbit/Makefile
config.status:1541: creating tests/C/query/alacrity/Makefile
config.status:1541: creating tests/Fortran/Makefile
config.status:1541: creating tests/genarray/Makefile
config.status:1541: creating tests/bp_read/Makefile
config.status:1541: creating tests/suite/Makefile
config.status:1541: creating tests/suite/programs/Makefile
config.status:1541: creating tests/suite/programs/examples/Makefile
config.status:1541: creating tests/suite/programs/examples/attributes/Makefile
config.status:1541: creating tests/suite/programs/examples/scalars/Makefile
config.status:1541: creating tests/suite/programs/examples/local_array/Makefile
config.status:1541: creating tests/suite/programs/examples/global_array/Makefile
config.status:1541: creating tests/suite/programs/examples/global_array_time/Makefile
config.status:1541: creating utils/Makefile
config.status:1541: creating utils/skeldump/Makefile
config.status:1541: creating utils/skel/Makefile
config.status:1541: creating utils/skel/etc/Makefile
config.status:1541: creating utils/skel/src/Makefile
config.status:1541: creating utils/skel/lib/skel_have_adios_timing.py
config.status:1541: creating utils/adios_lint/Makefile
config.status:1541: creating utils/gpp/Makefile
config.status:1541: creating utils/bpdump/Makefile
config.status:1541: creating utils/bp2h5/Makefile
config.status:1541: creating utils/bp2ncd/Makefile
config.status:1541: creating utils/bp2ascii/Makefile
config.status:1541: creating utils/bpsplit/Makefile
config.status:1541: creating utils/bpls/Makefile
config.status:1541: creating utils/bpdiff/Makefile
config.status:1541: creating utils/bp2bp/Makefile
config.status:1541: creating utils/adios_list_methods/Makefile
config.status:1541: creating utils/bpmeta/Makefile
config.status:1541: creating utils/bprecover/Makefile
config.status:1541: creating utils/fastbit/Makefile
config.status:1541: creating examples/Makefile
config.status:1541: creating examples/C/Makefile
config.status:1541: creating examples/C/scalars/Makefile
config.status:1541: creating examples/C/arrays/Makefile
config.status:1541: creating examples/C/flexpath_arrays/Makefile
config.status:1541: creating examples/C/flexpath_arrays/process_select/Makefile
config.status:1541: creating examples/C/flexpath_arrays/global_range_select/Makefile
config.status:1541: creating examples/C/icee_arrays/Makefile
config.status:1541: creating examples/C/icee_arrays/array/Makefile
config.status:1541: creating examples/C/attributes/Makefile
config.status:1541: creating examples/C/manual/Makefile
config.status:1541: creating examples/C/global-array/Makefile
config.status:1541: creating examples/C/global-array-time/Makefile
config.status:1541: creating examples/C/stat/Makefile
config.status:1541: creating examples/C/read_all/Makefile
config.status:1541: creating examples/C/schema/Makefile
config.status:1541: creating examples/C/transforms/Makefile
config.status:1541: creating examples/C/query/Makefile
config.status:1541: creating examples/Fortran/Makefile
config.status:1541: creating examples/Fortran/scalars/Makefile
config.status:1541: creating examples/Fortran/arrays/Makefile
config.status:1541: creating examples/Fortran/global-array/Makefile
config.status:1541: creating examples/Fortran/global-array-time/Makefile
config.status:1541: creating examples/Fortran/schema/Makefile
config.status:1541: creating adios_config.flags.makesrc
config.status:1541: creating adios_config.makesrc
config.status:1541: creating src/public/adios_version.h
config.status:1541: creating config.h
config.status:1722: config.h is unchanged
config.status:1770: executing depfiles commands
config.status:1770: executing libtool commands

## ---------------------- ##
## Running config.status. ##
## ---------------------- ##

This file was extended by adios config.status 1.9.0, which was
generated by GNU Autoconf 2.69.  Invocation command line was

  CONFIG_FILES    = 
  CONFIG_HEADERS  = 
  CONFIG_LINKS    = 
  CONFIG_COMMANDS = 
  $ ./config.status config.h

on node1

config.status:1541: creating config.h
config.status:1722: config.h is unchanged
